[ INFO : 2022-03-27 18:36:30,435 ] - namespace(batchsize=32, chunk_size=50, config=[<yamlargparse.Path object at 0x7f5938ee7978>], config2=[<yamlargparse.Path object at 0x7f5938ee7748>], context_size=7, feature_config=[<yamlargparse.Path object at 0x7f5938ee7c50>], frame_shift=80, frame_size=200, gpu=2, gradclip=5, gradient_accumulation_steps=1, hidden_size=256, in_size=345, inherit_from=None, initmodel='exp/LibriSpeech_3/EDA_RC/gradclip_5_batchsize_32_num_frames_500_adam_lr_1e-5_noam_warmup_steps_100000_fix_bug_global/models/avg.th', input_transform='logmel23_mn', label_delay=0, loss_factor=[1.0, 1.0, 1.0, 1.0, 0.1], lr=1e-05, max_epochs=100, model_save_dir='exp/LibriSpeech_3/EDA_RC/gradclip_5_batchsize_32_num_frames_500_adam_lr_1e-5_noam_warmup_steps_100000_fix_bug_global/adapt_callhome_3/gradclip_5_batchsize_32_num_frames_500_adam_lr_1e-5/models', model_type='EDA_RC', noam_warmup_steps=100000, num_frames=500, num_speakers=3, optimizer='adam', resume=0, rnn_cell='LSTM', sampling_rate=8000, seed=777, shuffle_rate=0.0, subsampling=10, train_data_dir='data/callhome/eval/callhome1_spk23', transformer_encoder_dropout=0.1, transformer_encoder_n_heads=4, transformer_encoder_n_layers=4, valid_data_dir='data/callhome/eval/callhome2_spk23')
[ INFO : 2022-03-27 18:36:32,876 ] - Prepared model
[ INFO : 2022-03-27 18:36:32,876 ] - DataParallel(
  (module): EDA_RC(
    (encoder): Linear(in_features=345, out_features=256, bias=True)
    (encoder_norm): LayerNorm((256,), eps=1e-05, elementwise_affine=True)
    (transformer_encoder): TransformerEncoder(
      (layers): ModuleList(
        (0): TransformerEncoderLayer(
          (self_attn): MultiheadAttention(
            (out_proj): _LinearWithBias(in_features=256, out_features=256, bias=True)
          )
          (linear1): Linear(in_features=256, out_features=2048, bias=True)
          (dropout): Dropout(p=0.1, inplace=False)
          (linear2): Linear(in_features=2048, out_features=256, bias=True)
          (norm1): LayerNorm((256,), eps=1e-05, elementwise_affine=True)
          (norm2): LayerNorm((256,), eps=1e-05, elementwise_affine=True)
          (dropout1): Dropout(p=0.1, inplace=False)
          (dropout2): Dropout(p=0.1, inplace=False)
        )
        (1): TransformerEncoderLayer(
          (self_attn): MultiheadAttention(
            (out_proj): _LinearWithBias(in_features=256, out_features=256, bias=True)
          )
          (linear1): Linear(in_features=256, out_features=2048, bias=True)
          (dropout): Dropout(p=0.1, inplace=False)
          (linear2): Linear(in_features=2048, out_features=256, bias=True)
          (norm1): LayerNorm((256,), eps=1e-05, elementwise_affine=True)
          (norm2): LayerNorm((256,), eps=1e-05, elementwise_affine=True)
          (dropout1): Dropout(p=0.1, inplace=False)
          (dropout2): Dropout(p=0.1, inplace=False)
        )
        (2): TransformerEncoderLayer(
          (self_attn): MultiheadAttention(
            (out_proj): _LinearWithBias(in_features=256, out_features=256, bias=True)
          )
          (linear1): Linear(in_features=256, out_features=2048, bias=True)
          (dropout): Dropout(p=0.1, inplace=False)
          (linear2): Linear(in_features=2048, out_features=256, bias=True)
          (norm1): LayerNorm((256,), eps=1e-05, elementwise_affine=True)
          (norm2): LayerNorm((256,), eps=1e-05, elementwise_affine=True)
          (dropout1): Dropout(p=0.1, inplace=False)
          (dropout2): Dropout(p=0.1, inplace=False)
        )
        (3): TransformerEncoderLayer(
          (self_attn): MultiheadAttention(
            (out_proj): _LinearWithBias(in_features=256, out_features=256, bias=True)
          )
          (linear1): Linear(in_features=256, out_features=2048, bias=True)
          (dropout): Dropout(p=0.1, inplace=False)
          (linear2): Linear(in_features=2048, out_features=256, bias=True)
          (norm1): LayerNorm((256,), eps=1e-05, elementwise_affine=True)
          (norm2): LayerNorm((256,), eps=1e-05, elementwise_affine=True)
          (dropout1): Dropout(p=0.1, inplace=False)
          (dropout2): Dropout(p=0.1, inplace=False)
        )
      )
    )
    (decoder): eda_spk_extractor(
      (rnn_encoder): LSTM(256, 256, batch_first=True)
      (attractor): LSTM(256, 256, batch_first=True)
      (discriminator): Sequential(
        (0): Linear(in_features=256, out_features=1, bias=True)
        (1): Sigmoid()
      )
      (project): Linear(in_features=256, out_features=256, bias=True)
      (dropout): Dropout(p=0.1, inplace=False)
    )
    (spk_emb_extractor): TransformerDecoder(
      (layers): ModuleList(
        (0): TransformerDecoderLayer(
          (self_attn): MultiheadAttention(
            (out_proj): _LinearWithBias(in_features=256, out_features=256, bias=True)
          )
          (multihead_attn): MultiheadAttention(
            (out_proj): _LinearWithBias(in_features=256, out_features=256, bias=True)
          )
          (linear1): Linear(in_features=256, out_features=2048, bias=True)
          (dropout): Dropout(p=0.1, inplace=False)
          (linear2): Linear(in_features=2048, out_features=256, bias=True)
          (norm1): LayerNorm((256,), eps=1e-05, elementwise_affine=True)
          (norm2): LayerNorm((256,), eps=1e-05, elementwise_affine=True)
          (norm3): LayerNorm((256,), eps=1e-05, elementwise_affine=True)
          (dropout1): Dropout(p=0.1, inplace=False)
          (dropout2): Dropout(p=0.1, inplace=False)
          (dropout3): Dropout(p=0.1, inplace=False)
        )
      )
    )
    (rnn_cluster): RNN_Clusterer(
      (mixer): GRUCell(256, 256)
      (pred): Bilinear(in1_features=256, in2_features=256, out_features=1, bias=True)
    )
  )
)
[ INFO : 2022-03-27 18:36:32,879 ] - Load model from exp/LibriSpeech_3/EDA_RC/gradclip_5_batchsize_32_num_frames_500_adam_lr_1e-5_noam_warmup_steps_100000_fix_bug_global/models/avg.th
[ INFO : 2022-03-27 18:36:50,683 ] - Epoch:   1, LR: 0.0000100,            Training Loss: 0.34834/0.40579/0.24976/0.39433/0.45143, Dev Stats: {'speech_scored': 344.27, 'speech_miss': 17.79, 'speech_falarm': 30.53, 'speaker_scored': 396.21, 'speaker_miss': 38.62, 'speaker_falarm': 99.83, 'speaker_error': 26.27, 'correct': 318.29, 'diarization_error': 164.72, 'frames': 381.95, 'DER': 41.57, 'change_recall': 0.0, 'change_precision': 0.0, 'num_pred_acc': 0.0}
[ INFO : 2022-03-27 18:37:06,319 ] - Epoch:   2, LR: 0.0000100,            Training Loss: 0.30747/0.33702/0.27126/0.31107/0.37642, Dev Stats: {'speech_scored': 344.27, 'speech_miss': 18.47, 'speech_falarm': 29.38, 'speaker_scored': 396.21, 'speaker_miss': 41.02, 'speaker_falarm': 88.32, 'speaker_error': 26.52, 'correct': 321.16, 'diarization_error': 155.86, 'frames': 381.95, 'DER': 39.34, 'change_recall': 0.0, 'change_precision': 0.0, 'num_pred_acc': 0.0}
[ INFO : 2022-03-27 18:37:22,027 ] - Epoch:   3, LR: 0.0000100,            Training Loss: 0.31282/0.32189/0.27097/0.29374/0.35053, Dev Stats: {'speech_scored': 344.27, 'speech_miss': 20.82, 'speech_falarm': 28.3, 'speaker_scored': 396.21, 'speaker_miss': 44.99, 'speaker_falarm': 80.44, 'speaker_error': 26.31, 'correct': 322.6, 'diarization_error': 151.74, 'frames': 381.95, 'DER': 38.3, 'change_recall': 0.0, 'change_precision': 0.0, 'num_pred_acc': 0.0}
[ INFO : 2022-03-27 18:37:37,674 ] - Epoch:   4, LR: 0.0000100,            Training Loss: 0.28848/0.31361/0.26549/0.27933/0.34026, Dev Stats: {'speech_scored': 344.27, 'speech_miss': 19.4, 'speech_falarm': 27.72, 'speaker_scored': 396.21, 'speaker_miss': 44.87, 'speaker_falarm': 73.9, 'speaker_error': 25.43, 'correct': 325.41, 'diarization_error': 144.2, 'frames': 381.95, 'DER': 36.39, 'change_recall': 0.0, 'change_precision': 0.0, 'num_pred_acc': 0.0}
[ INFO : 2022-03-27 18:37:53,088 ] - Epoch:   5, LR: 0.0000100,            Training Loss: 0.30357/0.30648/0.26319/0.26936/0.34040, Dev Stats: {'speech_scored': 344.27, 'speech_miss': 20.06, 'speech_falarm': 26.51, 'speaker_scored': 396.21, 'speaker_miss': 46.27, 'speaker_falarm': 68.73, 'speaker_error': 25.72, 'correct': 326.47, 'diarization_error': 140.73, 'frames': 381.95, 'DER': 35.52, 'change_recall': 0.0, 'change_precision': 0.0, 'num_pred_acc': 0.0}
[ INFO : 2022-03-27 18:38:08,648 ] - Epoch:   6, LR: 0.0000100,            Training Loss: 0.29411/0.29850/0.26479/0.26044/0.34017, Dev Stats: {'speech_scored': 344.27, 'speech_miss': 20.69, 'speech_falarm': 25.51, 'speaker_scored': 396.21, 'speaker_miss': 47.51, 'speaker_falarm': 63.7, 'speaker_error': 26.25, 'correct': 327.38, 'diarization_error': 137.47, 'frames': 381.95, 'DER': 34.69, 'change_recall': 0.0, 'change_precision': 0.0, 'num_pred_acc': 0.0}
[ INFO : 2022-03-27 18:38:24,117 ] - Epoch:   7, LR: 0.0000100,            Training Loss: 0.28788/0.29405/0.24802/0.25402/0.32222, Dev Stats: {'speech_scored': 344.27, 'speech_miss': 20.92, 'speech_falarm': 24.74, 'speaker_scored': 396.21, 'speaker_miss': 48.07, 'speaker_falarm': 62.31, 'speaker_error': 26.14, 'correct': 327.73, 'diarization_error': 136.52, 'frames': 381.95, 'DER': 34.46, 'change_recall': 0.0, 'change_precision': 0.0, 'num_pred_acc': 0.0}
[ INFO : 2022-03-27 18:38:39,849 ] - Epoch:   8, LR: 0.0000100,            Training Loss: 0.26106/0.28892/0.25777/0.24868/0.32467, Dev Stats: {'speech_scored': 344.27, 'speech_miss': 23.4, 'speech_falarm': 24.16, 'speaker_scored': 396.21, 'speaker_miss': 51.84, 'speaker_falarm': 57.65, 'speaker_error': 25.53, 'correct': 328.43, 'diarization_error': 135.03, 'frames': 381.95, 'DER': 34.08, 'change_recall': 0.0, 'change_precision': 0.0, 'num_pred_acc': 0.0}
[ INFO : 2022-03-27 18:38:55,397 ] - Epoch:   9, LR: 0.0000100,            Training Loss: 0.26416/0.28569/0.26822/0.24732/0.32513, Dev Stats: {'speech_scored': 344.27, 'speech_miss': 24.19, 'speech_falarm': 23.4, 'speaker_scored': 396.21, 'speaker_miss': 52.87, 'speaker_falarm': 55.27, 'speaker_error': 25.04, 'correct': 329.21, 'diarization_error': 133.18, 'frames': 381.95, 'DER': 33.61, 'change_recall': 0.0, 'change_precision': 0.0, 'num_pred_acc': 0.0}
[ INFO : 2022-03-27 18:39:10,658 ] - Epoch:  10, LR: 0.0000100,            Training Loss: 0.28673/0.27967/0.26419/0.24387/0.31687, Dev Stats: {'speech_scored': 344.27, 'speech_miss': 23.5, 'speech_falarm': 22.82, 'speaker_scored': 396.21, 'speaker_miss': 52.33, 'speaker_falarm': 54.31, 'speaker_error': 25.18, 'correct': 329.61, 'diarization_error': 131.83, 'frames': 381.95, 'DER': 33.27, 'change_recall': 0.0, 'change_precision': 0.0, 'num_pred_acc': 0.0}
[ INFO : 2022-03-27 18:39:26,102 ] - Epoch:  11, LR: 0.0000100,            Training Loss: 0.26108/0.27417/0.25337/0.23840/0.30915, Dev Stats: {'speech_scored': 344.27, 'speech_miss': 24.05, 'speech_falarm': 22.23, 'speaker_scored': 396.21, 'speaker_miss': 51.97, 'speaker_falarm': 54.43, 'speaker_error': 24.83, 'correct': 329.93, 'diarization_error': 131.23, 'frames': 381.95, 'DER': 33.12, 'change_recall': 0.0, 'change_precision': 0.0, 'num_pred_acc': 0.0}
[ INFO : 2022-03-27 18:39:41,682 ] - Epoch:  12, LR: 0.0000100,            Training Loss: 0.26031/0.27309/0.24839/0.23622/0.31091, Dev Stats: {'speech_scored': 344.27, 'speech_miss': 23.22, 'speech_falarm': 21.83, 'speaker_scored': 396.21, 'speaker_miss': 50.96, 'speaker_falarm': 54.47, 'speaker_error': 24.16, 'correct': 330.7, 'diarization_error': 129.58, 'frames': 381.95, 'DER': 32.71, 'change_recall': 0.0, 'change_precision': 0.0, 'num_pred_acc': 0.0}
[ INFO : 2022-03-27 18:39:56,986 ] - Epoch:  13, LR: 0.0000100,            Training Loss: 0.23929/0.26997/0.23707/0.23429/0.30525, Dev Stats: {'speech_scored': 344.27, 'speech_miss': 23.58, 'speech_falarm': 21.16, 'speaker_scored': 396.21, 'speaker_miss': 51.45, 'speaker_falarm': 52.24, 'speaker_error': 23.63, 'correct': 331.63, 'diarization_error': 127.32, 'frames': 381.95, 'DER': 32.13, 'change_recall': 0.0, 'change_precision': 0.0, 'num_pred_acc': 0.0}
[ INFO : 2022-03-27 18:40:12,574 ] - Epoch:  14, LR: 0.0000100,            Training Loss: 0.24378/0.26894/0.23704/0.23060/0.30065, Dev Stats: {'speech_scored': 344.27, 'speech_miss': 22.59, 'speech_falarm': 21.06, 'speaker_scored': 396.21, 'speaker_miss': 49.94, 'speaker_falarm': 52.83, 'speaker_error': 23.74, 'correct': 331.86, 'diarization_error': 126.51, 'frames': 381.95, 'DER': 31.93, 'change_recall': 0.0, 'change_precision': 0.0, 'num_pred_acc': 0.0}
[ INFO : 2022-03-27 18:40:28,057 ] - Epoch:  15, LR: 0.0000100,            Training Loss: 0.25735/0.26314/0.23243/0.22808/0.29041, Dev Stats: {'speech_scored': 344.27, 'speech_miss': 22.76, 'speech_falarm': 21.13, 'speaker_scored': 396.21, 'speaker_miss': 49.19, 'speaker_falarm': 54.56, 'speaker_error': 23.6, 'correct': 331.64, 'diarization_error': 127.34, 'frames': 381.95, 'DER': 32.14, 'change_recall': 0.0, 'change_precision': 0.0, 'num_pred_acc': 0.0}
[ INFO : 2022-03-27 18:40:43,280 ] - Epoch:  16, LR: 0.0000100,            Training Loss: 0.23441/0.26152/0.22253/0.22664/0.30117, Dev Stats: {'speech_scored': 344.27, 'speech_miss': 23.37, 'speech_falarm': 20.75, 'speaker_scored': 396.21, 'speaker_miss': 49.93, 'speaker_falarm': 53.93, 'speaker_error': 22.78, 'correct': 332.14, 'diarization_error': 126.64, 'frames': 381.95, 'DER': 31.96, 'change_recall': 0.0, 'change_precision': 0.0, 'num_pred_acc': 0.0}
[ INFO : 2022-03-27 18:40:59,106 ] - Epoch:  17, LR: 0.0000100,            Training Loss: 0.24768/0.25760/0.22514/0.22397/0.28734, Dev Stats: {'speech_scored': 344.27, 'speech_miss': 23.22, 'speech_falarm': 20.31, 'speaker_scored': 396.21, 'speaker_miss': 50.06, 'speaker_falarm': 52.39, 'speaker_error': 23.23, 'correct': 332.32, 'diarization_error': 125.68, 'frames': 381.95, 'DER': 31.72, 'change_recall': 0.0, 'change_precision': 0.0, 'num_pred_acc': 0.0}
[ INFO : 2022-03-27 18:41:14,531 ] - Epoch:  18, LR: 0.0000100,            Training Loss: 0.24314/0.25589/0.21507/0.22344/0.28486, Dev Stats: {'speech_scored': 344.27, 'speech_miss': 24.06, 'speech_falarm': 19.95, 'speaker_scored': 396.21, 'speaker_miss': 51.11, 'speaker_falarm': 50.85, 'speaker_error': 22.52, 'correct': 332.95, 'diarization_error': 124.48, 'frames': 381.95, 'DER': 31.42, 'change_recall': 0.0, 'change_precision': 0.0, 'num_pred_acc': 0.0}
[ INFO : 2022-03-27 18:41:30,231 ] - Epoch:  19, LR: 0.0000100,            Training Loss: 0.23715/0.25592/0.21572/0.22275/0.28546, Dev Stats: {'speech_scored': 344.27, 'speech_miss': 23.51, 'speech_falarm': 19.73, 'speaker_scored': 396.21, 'speaker_miss': 50.74, 'speaker_falarm': 49.55, 'speaker_error': 22.45, 'correct': 333.55, 'diarization_error': 122.74, 'frames': 381.95, 'DER': 30.98, 'change_recall': 0.0, 'change_precision': 0.0, 'num_pred_acc': 0.0}
[ INFO : 2022-03-27 18:41:46,064 ] - Epoch:  20, LR: 0.0000100,            Training Loss: 0.24712/0.25105/0.21301/0.22174/0.28568, Dev Stats: {'speech_scored': 344.27, 'speech_miss': 22.69, 'speech_falarm': 19.78, 'speaker_scored': 396.21, 'speaker_miss': 49.96, 'speaker_falarm': 49.36, 'speaker_error': 22.23, 'correct': 334.03, 'diarization_error': 121.54, 'frames': 381.95, 'DER': 30.68, 'change_recall': 0.0, 'change_precision': 0.0, 'num_pred_acc': 0.0}
[ INFO : 2022-03-27 18:42:01,298 ] - Epoch:  21, LR: 0.0000100,            Training Loss: 0.23005/0.24937/0.21271/0.21923/0.27456, Dev Stats: {'speech_scored': 344.27, 'speech_miss': 24.31, 'speech_falarm': 19.13, 'speaker_scored': 396.21, 'speaker_miss': 51.96, 'speaker_falarm': 47.65, 'speaker_error': 21.98, 'correct': 334.09, 'diarization_error': 121.6, 'frames': 381.95, 'DER': 30.69, 'change_recall': 0.0, 'change_precision': 0.0, 'num_pred_acc': 0.0}
[ INFO : 2022-03-27 18:42:16,989 ] - Epoch:  22, LR: 0.0000100,            Training Loss: 0.23564/0.25029/0.21531/0.21665/0.28247, Dev Stats: {'speech_scored': 344.27, 'speech_miss': 24.11, 'speech_falarm': 18.92, 'speaker_scored': 396.21, 'speaker_miss': 51.38, 'speaker_falarm': 47.45, 'speaker_error': 22.4, 'correct': 334.08, 'diarization_error': 121.23, 'frames': 381.95, 'DER': 30.6, 'change_recall': 0.0, 'change_precision': 0.0, 'num_pred_acc': 0.0}
[ INFO : 2022-03-27 18:42:33,152 ] - Epoch:  23, LR: 0.0000100,            Training Loss: 0.23950/0.24770/0.20408/0.21621/0.28123, Dev Stats: {'speech_scored': 344.27, 'speech_miss': 23.09, 'speech_falarm': 18.97, 'speaker_scored': 396.21, 'speaker_miss': 50.05, 'speaker_falarm': 48.35, 'speaker_error': 21.86, 'correct': 334.58, 'diarization_error': 120.25, 'frames': 381.95, 'DER': 30.35, 'change_recall': 0.0, 'change_precision': 0.0, 'num_pred_acc': 0.0}
[ INFO : 2022-03-27 18:42:48,647 ] - Epoch:  24, LR: 0.0000100,            Training Loss: 0.23049/0.24701/0.20863/0.21768/0.28073, Dev Stats: {'speech_scored': 344.27, 'speech_miss': 22.67, 'speech_falarm': 18.61, 'speaker_scored': 396.21, 'speaker_miss': 50.18, 'speaker_falarm': 46.19, 'speaker_error': 21.18, 'correct': 335.71, 'diarization_error': 117.55, 'frames': 381.95, 'DER': 29.67, 'change_recall': 0.0, 'change_precision': 0.0, 'num_pred_acc': 0.0}
[ INFO : 2022-03-27 18:43:04,408 ] - Epoch:  25, LR: 0.0000100,            Training Loss: 0.23056/0.24463/0.20607/0.21364/0.27596, Dev Stats: {'speech_scored': 344.27, 'speech_miss': 23.53, 'speech_falarm': 18.49, 'speaker_scored': 396.21, 'speaker_miss': 51.58, 'speaker_falarm': 44.48, 'speaker_error': 21.53, 'correct': 335.58, 'diarization_error': 117.59, 'frames': 381.95, 'DER': 29.68, 'change_recall': 0.0, 'change_precision': 0.0, 'num_pred_acc': 0.0}
[ INFO : 2022-03-27 18:43:20,012 ] - Epoch:  26, LR: 0.0000100,            Training Loss: 0.24184/0.24594/0.22066/0.21492/0.27584, Dev Stats: {'speech_scored': 344.27, 'speech_miss': 25.01, 'speech_falarm': 18.21, 'speaker_scored': 396.21, 'speaker_miss': 53.5, 'speaker_falarm': 42.97, 'speaker_error': 21.74, 'correct': 335.3, 'diarization_error': 118.2, 'frames': 381.95, 'DER': 29.83, 'change_recall': 0.0, 'change_precision': 0.0, 'num_pred_acc': 0.0}
[ INFO : 2022-03-27 18:43:35,993 ] - Epoch:  27, LR: 0.0000100,            Training Loss: 0.23116/0.24091/0.21590/0.21049/0.27505, Dev Stats: {'speech_scored': 344.27, 'speech_miss': 23.9, 'speech_falarm': 18.0, 'speaker_scored': 396.21, 'speaker_miss': 52.2, 'speaker_falarm': 43.17, 'speaker_error': 21.91, 'correct': 335.55, 'diarization_error': 117.29, 'frames': 381.95, 'DER': 29.6, 'change_recall': 0.0, 'change_precision': 0.0, 'num_pred_acc': 0.0}
[ INFO : 2022-03-27 18:43:51,594 ] - Epoch:  28, LR: 0.0000100,            Training Loss: 0.23193/0.24292/0.20320/0.21071/0.27413, Dev Stats: {'speech_scored': 344.27, 'speech_miss': 23.89, 'speech_falarm': 18.03, 'speaker_scored': 396.21, 'speaker_miss': 51.74, 'speaker_falarm': 43.56, 'speaker_error': 21.66, 'correct': 335.74, 'diarization_error': 116.96, 'frames': 381.95, 'DER': 29.52, 'change_recall': 0.0, 'change_precision': 0.0, 'num_pred_acc': 0.0}
[ INFO : 2022-03-27 18:44:06,973 ] - Epoch:  29, LR: 0.0000100,            Training Loss: 0.22994/0.24101/0.21039/0.21074/0.27123, Dev Stats: {'speech_scored': 344.27, 'speech_miss': 24.64, 'speech_falarm': 17.88, 'speaker_scored': 396.21, 'speaker_miss': 52.57, 'speaker_falarm': 42.67, 'speaker_error': 21.32, 'correct': 335.98, 'diarization_error': 116.57, 'frames': 381.95, 'DER': 29.42, 'change_recall': 0.0, 'change_precision': 0.0, 'num_pred_acc': 0.0}
[ INFO : 2022-03-27 18:44:22,731 ] - Epoch:  30, LR: 0.0000100,            Training Loss: 0.23703/0.23886/0.20783/0.20913/0.27379, Dev Stats: {'speech_scored': 344.27, 'speech_miss': 24.43, 'speech_falarm': 17.53, 'speaker_scored': 396.21, 'speaker_miss': 51.78, 'speaker_falarm': 43.43, 'speaker_error': 20.41, 'correct': 336.61, 'diarization_error': 115.61, 'frames': 381.95, 'DER': 29.18, 'change_recall': 0.0, 'change_precision': 0.0, 'num_pred_acc': 0.0}
[ INFO : 2022-03-27 18:44:38,002 ] - Epoch:  31, LR: 0.0000100,            Training Loss: 0.22570/0.23693/0.19937/0.20821/0.27268, Dev Stats: {'speech_scored': 344.27, 'speech_miss': 23.37, 'speech_falarm': 17.38, 'speaker_scored': 396.21, 'speaker_miss': 50.5, 'speaker_falarm': 43.52, 'speaker_error': 20.07, 'correct': 337.24, 'diarization_error': 114.08, 'frames': 381.95, 'DER': 28.79, 'change_recall': 0.0, 'change_precision': 0.0, 'num_pred_acc': 0.0}
[ INFO : 2022-03-27 18:44:53,441 ] - Epoch:  32, LR: 0.0000100,            Training Loss: 0.23224/0.23628/0.20170/0.20609/0.26261, Dev Stats: {'speech_scored': 344.27, 'speech_miss': 24.79, 'speech_falarm': 17.13, 'speaker_scored': 396.21, 'speaker_miss': 52.47, 'speaker_falarm': 41.43, 'speaker_error': 20.78, 'correct': 336.79, 'diarization_error': 114.69, 'frames': 381.95, 'DER': 28.95, 'change_recall': 0.0, 'change_precision': 0.0, 'num_pred_acc': 0.0}
[ INFO : 2022-03-27 18:45:09,170 ] - Epoch:  33, LR: 0.0000100,            Training Loss: 0.22410/0.23337/0.20792/0.20560/0.26710, Dev Stats: {'speech_scored': 344.27, 'speech_miss': 24.53, 'speech_falarm': 16.89, 'speaker_scored': 396.21, 'speaker_miss': 52.48, 'speaker_falarm': 40.37, 'speaker_error': 20.38, 'correct': 337.41, 'diarization_error': 113.23, 'frames': 381.95, 'DER': 28.58, 'change_recall': 0.0, 'change_precision': 0.0, 'num_pred_acc': 0.0}
[ INFO : 2022-03-27 18:45:25,143 ] - Epoch:  34, LR: 0.0000100,            Training Loss: 0.22118/0.23530/0.21825/0.20525/0.26280, Dev Stats: {'speech_scored': 344.27, 'speech_miss': 25.08, 'speech_falarm': 16.35, 'speaker_scored': 396.21, 'speaker_miss': 54.18, 'speaker_falarm': 37.76, 'speaker_error': 20.9, 'correct': 337.37, 'diarization_error': 112.85, 'frames': 381.95, 'DER': 28.48, 'change_recall': 0.0, 'change_precision': 0.0, 'num_pred_acc': 0.0}
[ INFO : 2022-03-27 18:45:41,330 ] - Epoch:  35, LR: 0.0000100,            Training Loss: 0.23792/0.23474/0.22184/0.20330/0.26640, Dev Stats: {'speech_scored': 344.27, 'speech_miss': 24.7, 'speech_falarm': 16.62, 'speaker_scored': 396.21, 'speaker_miss': 54.03, 'speaker_falarm': 37.6, 'speaker_error': 20.97, 'correct': 337.43, 'diarization_error': 112.59, 'frames': 381.95, 'DER': 28.42, 'change_recall': 0.0, 'change_precision': 0.0, 'num_pred_acc': 0.0}
[ INFO : 2022-03-27 18:45:57,412 ] - Epoch:  36, LR: 0.0000100,            Training Loss: 0.22740/0.23432/0.21871/0.20237/0.26282, Dev Stats: {'speech_scored': 344.27, 'speech_miss': 24.41, 'speech_falarm': 16.58, 'speaker_scored': 396.21, 'speaker_miss': 53.14, 'speaker_falarm': 38.37, 'speaker_error': 20.02, 'correct': 338.1, 'diarization_error': 111.54, 'frames': 381.95, 'DER': 28.15, 'change_recall': 0.0, 'change_precision': 0.0, 'num_pred_acc': 0.0}
[ INFO : 2022-03-27 18:46:13,476 ] - Epoch:  37, LR: 0.0000100,            Training Loss: 0.23794/0.23175/0.21705/0.20227/0.26016, Dev Stats: {'speech_scored': 344.27, 'speech_miss': 22.93, 'speech_falarm': 16.95, 'speaker_scored': 396.21, 'speaker_miss': 51.35, 'speaker_falarm': 39.19, 'speaker_error': 19.92, 'correct': 338.49, 'diarization_error': 110.47, 'frames': 381.95, 'DER': 27.88, 'change_recall': 0.0, 'change_precision': 0.0, 'num_pred_acc': 0.0}
[ INFO : 2022-03-27 18:46:29,909 ] - Epoch:  38, LR: 0.0000100,            Training Loss: 0.21574/0.22874/0.21057/0.20148/0.26020, Dev Stats: {'speech_scored': 344.27, 'speech_miss': 22.53, 'speech_falarm': 16.63, 'speaker_scored': 396.21, 'speaker_miss': 50.87, 'speaker_falarm': 38.83, 'speaker_error': 20.42, 'correct': 338.44, 'diarization_error': 110.12, 'frames': 381.95, 'DER': 27.79, 'change_recall': 0.0, 'change_precision': 0.0, 'num_pred_acc': 0.0}
[ INFO : 2022-03-27 18:46:45,979 ] - Epoch:  39, LR: 0.0000100,            Training Loss: 0.23973/0.23100/0.21458/0.20326/0.26611, Dev Stats: {'speech_scored': 344.27, 'speech_miss': 22.92, 'speech_falarm': 16.5, 'speaker_scored': 396.21, 'speaker_miss': 50.85, 'speaker_falarm': 39.31, 'speaker_error': 21.03, 'correct': 337.87, 'diarization_error': 111.19, 'frames': 381.95, 'DER': 28.06, 'change_recall': 0.0, 'change_precision': 0.0, 'num_pred_acc': 0.0}
[ INFO : 2022-03-27 18:47:02,052 ] - Epoch:  40, LR: 0.0000100,            Training Loss: 0.21664/0.22742/0.21106/0.19991/0.26112, Dev Stats: {'speech_scored': 344.27, 'speech_miss': 22.69, 'speech_falarm': 16.42, 'speaker_scored': 396.21, 'speaker_miss': 50.35, 'speaker_falarm': 39.71, 'speaker_error': 20.2, 'correct': 338.46, 'diarization_error': 110.26, 'frames': 381.95, 'DER': 27.83, 'change_recall': 0.0, 'change_precision': 0.0, 'num_pred_acc': 0.0}
[ INFO : 2022-03-27 18:47:18,002 ] - Epoch:  41, LR: 0.0000100,            Training Loss: 0.22220/0.22734/0.20501/0.19965/0.25543, Dev Stats: {'speech_scored': 344.27, 'speech_miss': 22.8, 'speech_falarm': 16.19, 'speaker_scored': 396.21, 'speaker_miss': 50.65, 'speaker_falarm': 38.7, 'speaker_error': 20.49, 'correct': 338.51, 'diarization_error': 109.83, 'frames': 381.95, 'DER': 27.72, 'change_recall': 0.0, 'change_precision': 0.0, 'num_pred_acc': 0.0}
[ INFO : 2022-03-27 18:47:34,378 ] - Epoch:  42, LR: 0.0000100,            Training Loss: 0.24375/0.22576/0.20120/0.19755/0.25570, Dev Stats: {'speech_scored': 344.27, 'speech_miss': 22.29, 'speech_falarm': 16.15, 'speaker_scored': 396.21, 'speaker_miss': 50.57, 'speaker_falarm': 37.88, 'speaker_error': 20.04, 'correct': 339.1, 'diarization_error': 108.5, 'frames': 381.95, 'DER': 27.38, 'change_recall': 0.0, 'change_precision': 0.0, 'num_pred_acc': 0.0}
[ INFO : 2022-03-27 18:47:50,425 ] - Epoch:  43, LR: 0.0000100,            Training Loss: 0.21986/0.22623/0.19434/0.19724/0.25698, Dev Stats: {'speech_scored': 344.27, 'speech_miss': 22.33, 'speech_falarm': 16.21, 'speaker_scored': 396.21, 'speaker_miss': 50.47, 'speaker_falarm': 38.39, 'speaker_error': 19.97, 'correct': 339.02, 'diarization_error': 108.83, 'frames': 381.95, 'DER': 27.47, 'change_recall': 0.0, 'change_precision': 0.0, 'num_pred_acc': 0.0}
[ INFO : 2022-03-27 18:48:06,718 ] - Epoch:  44, LR: 0.0000100,            Training Loss: 0.21170/0.22646/0.19766/0.19723/0.25754, Dev Stats: {'speech_scored': 344.27, 'speech_miss': 22.15, 'speech_falarm': 16.34, 'speaker_scored': 396.21, 'speaker_miss': 49.87, 'speaker_falarm': 38.58, 'speaker_error': 20.47, 'correct': 338.82, 'diarization_error': 108.93, 'frames': 381.95, 'DER': 27.49, 'change_recall': 0.0, 'change_precision': 0.0, 'num_pred_acc': 0.0}
[ INFO : 2022-03-27 18:48:23,181 ] - Epoch:  45, LR: 0.0000100,            Training Loss: 0.20497/0.22472/0.18803/0.19621/0.24726, Dev Stats: {'speech_scored': 344.27, 'speech_miss': 21.39, 'speech_falarm': 16.18, 'speaker_scored': 396.21, 'speaker_miss': 48.95, 'speaker_falarm': 38.89, 'speaker_error': 18.84, 'correct': 340.11, 'diarization_error': 106.68, 'frames': 381.95, 'DER': 26.92, 'change_recall': 0.0, 'change_precision': 0.0, 'num_pred_acc': 0.0}
[ INFO : 2022-03-27 18:48:39,116 ] - Epoch:  46, LR: 0.0000100,            Training Loss: 0.20034/0.22392/0.18308/0.19433/0.24843, Dev Stats: {'speech_scored': 344.27, 'speech_miss': 21.0, 'speech_falarm': 16.35, 'speaker_scored': 396.21, 'speaker_miss': 48.33, 'speaker_falarm': 39.38, 'speaker_error': 19.22, 'correct': 339.9, 'diarization_error': 106.93, 'frames': 381.95, 'DER': 26.99, 'change_recall': 0.0, 'change_precision': 0.0, 'num_pred_acc': 0.0}
[ INFO : 2022-03-27 18:48:55,273 ] - Epoch:  47, LR: 0.0000100,            Training Loss: 0.19870/0.22394/0.18345/0.19462/0.25293, Dev Stats: {'speech_scored': 344.27, 'speech_miss': 21.0, 'speech_falarm': 16.19, 'speaker_scored': 396.21, 'speaker_miss': 48.54, 'speaker_falarm': 38.27, 'speaker_error': 19.84, 'correct': 339.79, 'diarization_error': 106.65, 'frames': 381.95, 'DER': 26.92, 'change_recall': 0.0, 'change_precision': 0.0, 'num_pred_acc': 0.0}
[ INFO : 2022-03-27 18:49:11,416 ] - Epoch:  48, LR: 0.0000100,            Training Loss: 0.21251/0.22173/0.18207/0.19454/0.24943, Dev Stats: {'speech_scored': 344.27, 'speech_miss': 20.69, 'speech_falarm': 15.85, 'speaker_scored': 396.21, 'speaker_miss': 48.6, 'speaker_falarm': 37.24, 'speaker_error': 19.83, 'correct': 340.12, 'diarization_error': 105.67, 'frames': 381.95, 'DER': 26.67, 'change_recall': 0.0, 'change_precision': 0.0, 'num_pred_acc': 0.0}
[ INFO : 2022-03-27 18:49:27,549 ] - Epoch:  49, LR: 0.0000100,            Training Loss: 0.21772/0.22242/0.19307/0.19404/0.24673, Dev Stats: {'speech_scored': 344.27, 'speech_miss': 21.65, 'speech_falarm': 15.55, 'speaker_scored': 396.21, 'speaker_miss': 50.28, 'speaker_falarm': 35.66, 'speaker_error': 19.12, 'correct': 340.56, 'diarization_error': 105.07, 'frames': 381.95, 'DER': 26.52, 'change_recall': 0.0, 'change_precision': 0.0, 'num_pred_acc': 0.0}
[ INFO : 2022-03-27 18:49:43,889 ] - Epoch:  50, LR: 0.0000100,            Training Loss: 0.22096/0.22175/0.19874/0.19480/0.24017, Dev Stats: {'speech_scored': 344.27, 'speech_miss': 21.49, 'speech_falarm': 15.55, 'speaker_scored': 396.21, 'speaker_miss': 50.17, 'speaker_falarm': 35.39, 'speaker_error': 19.49, 'correct': 340.44, 'diarization_error': 105.05, 'frames': 381.95, 'DER': 26.51, 'change_recall': 0.0, 'change_precision': 0.0, 'num_pred_acc': 0.0}
[ INFO : 2022-03-27 18:49:59,936 ] - Epoch:  51, LR: 0.0000100,            Training Loss: 0.20283/0.22205/0.18978/0.19308/0.24415, Dev Stats: {'speech_scored': 344.27, 'speech_miss': 21.41, 'speech_falarm': 15.48, 'speaker_scored': 396.21, 'speaker_miss': 49.42, 'speaker_falarm': 36.39, 'speaker_error': 19.77, 'correct': 340.17, 'diarization_error': 105.58, 'frames': 381.95, 'DER': 26.65, 'change_recall': 0.0, 'change_precision': 0.0, 'num_pred_acc': 0.0}
[ INFO : 2022-03-27 18:50:16,007 ] - Epoch:  52, LR: 0.0000100,            Training Loss: 0.20073/0.21981/0.18662/0.19077/0.24784, Dev Stats: {'speech_scored': 344.27, 'speech_miss': 20.65, 'speech_falarm': 15.57, 'speaker_scored': 396.21, 'speaker_miss': 48.14, 'speaker_falarm': 37.33, 'speaker_error': 18.9, 'correct': 340.86, 'diarization_error': 104.36, 'frames': 381.95, 'DER': 26.34, 'change_recall': 0.0, 'change_precision': 0.0, 'num_pred_acc': 0.0}
[ INFO : 2022-03-27 18:50:32,492 ] - Epoch:  53, LR: 0.0000100,            Training Loss: 0.19862/0.22026/0.17373/0.19106/0.23993, Dev Stats: {'speech_scored': 344.27, 'speech_miss': 20.19, 'speech_falarm': 15.2, 'speaker_scored': 396.21, 'speaker_miss': 47.12, 'speaker_falarm': 38.29, 'speaker_error': 18.16, 'correct': 341.37, 'diarization_error': 103.57, 'frames': 381.95, 'DER': 26.14, 'change_recall': 0.0, 'change_precision': 0.0, 'num_pred_acc': 0.0}
[ INFO : 2022-03-27 18:50:48,365 ] - Epoch:  54, LR: 0.0000100,            Training Loss: 0.18380/0.21943/0.16486/0.19149/0.24477, Dev Stats: {'speech_scored': 344.27, 'speech_miss': 19.83, 'speech_falarm': 15.16, 'speaker_scored': 396.21, 'speaker_miss': 46.71, 'speaker_falarm': 37.87, 'speaker_error': 19.03, 'correct': 341.07, 'diarization_error': 103.61, 'frames': 381.95, 'DER': 26.15, 'change_recall': 0.0, 'change_precision': 0.0, 'num_pred_acc': 0.0}
[ INFO : 2022-03-27 18:51:04,397 ] - Epoch:  55, LR: 0.0000100,            Training Loss: 0.19205/0.22013/0.16019/0.19049/0.23920, Dev Stats: {'speech_scored': 344.27, 'speech_miss': 19.79, 'speech_falarm': 15.13, 'speaker_scored': 396.21, 'speaker_miss': 46.68, 'speaker_falarm': 37.59, 'speaker_error': 18.8, 'correct': 341.33, 'diarization_error': 103.06, 'frames': 381.95, 'DER': 26.01, 'change_recall': 0.0, 'change_precision': 0.0, 'num_pred_acc': 0.0}
[ INFO : 2022-03-27 18:51:20,510 ] - Epoch:  56, LR: 0.0000100,            Training Loss: 0.17289/0.21787/0.15460/0.18932/0.24080, Dev Stats: {'speech_scored': 344.27, 'speech_miss': 20.26, 'speech_falarm': 15.35, 'speaker_scored': 396.21, 'speaker_miss': 47.07, 'speaker_falarm': 37.82, 'speaker_error': 18.25, 'correct': 341.49, 'diarization_error': 103.14, 'frames': 381.95, 'DER': 26.03, 'change_recall': 0.0, 'change_precision': 0.0, 'num_pred_acc': 0.0}
[ INFO : 2022-03-27 18:51:36,984 ] - Epoch:  57, LR: 0.0000100,            Training Loss: 0.19601/0.21680/0.16311/0.18920/0.24128, Dev Stats: {'speech_scored': 344.27, 'speech_miss': 19.14, 'speech_falarm': 15.51, 'speaker_scored': 396.21, 'speaker_miss': 46.16, 'speaker_falarm': 37.54, 'speaker_error': 18.0, 'correct': 342.05, 'diarization_error': 101.7, 'frames': 381.95, 'DER': 25.67, 'change_recall': 0.0, 'change_precision': 0.0, 'num_pred_acc': 0.0}
[ INFO : 2022-03-27 18:51:53,288 ] - Epoch:  58, LR: 0.0000100,            Training Loss: 0.19160/0.21532/0.16190/0.18831/0.24182, Dev Stats: {'speech_scored': 344.27, 'speech_miss': 19.61, 'speech_falarm': 15.47, 'speaker_scored': 396.21, 'speaker_miss': 46.42, 'speaker_falarm': 37.33, 'speaker_error': 18.06, 'correct': 341.99, 'diarization_error': 101.81, 'frames': 381.95, 'DER': 25.7, 'change_recall': 0.0, 'change_precision': 0.0, 'num_pred_acc': 0.0}
[ INFO : 2022-03-27 18:52:09,754 ] - Epoch:  59, LR: 0.0000100,            Training Loss: 0.19178/0.21633/0.16037/0.18639/0.23439, Dev Stats: {'speech_scored': 344.27, 'speech_miss': 19.46, 'speech_falarm': 15.24, 'speaker_scored': 396.21, 'speaker_miss': 46.79, 'speaker_falarm': 36.42, 'speaker_error': 18.31, 'correct': 342.01, 'diarization_error': 101.51, 'frames': 381.95, 'DER': 25.62, 'change_recall': 0.0, 'change_precision': 0.0, 'num_pred_acc': 0.0}
[ INFO : 2022-03-27 18:52:25,740 ] - Epoch:  60, LR: 0.0000100,            Training Loss: 0.18129/0.21589/0.15888/0.18751/0.23141, Dev Stats: {'speech_scored': 344.27, 'speech_miss': 19.79, 'speech_falarm': 15.32, 'speaker_scored': 396.21, 'speaker_miss': 47.09, 'speaker_falarm': 36.63, 'speaker_error': 17.95, 'correct': 342.08, 'diarization_error': 101.66, 'frames': 381.95, 'DER': 25.66, 'change_recall': 0.0, 'change_precision': 0.0, 'num_pred_acc': 0.0}
[ INFO : 2022-03-27 18:52:42,305 ] - Epoch:  61, LR: 0.0000100,            Training Loss: 0.17801/0.21652/0.15692/0.18772/0.23303, Dev Stats: {'speech_scored': 344.27, 'speech_miss': 19.36, 'speech_falarm': 15.18, 'speaker_scored': 396.21, 'speaker_miss': 46.49, 'speaker_falarm': 36.63, 'speaker_error': 18.98, 'correct': 341.59, 'diarization_error': 102.1, 'frames': 381.95, 'DER': 25.77, 'change_recall': 0.0, 'change_precision': 0.0, 'num_pred_acc': 0.0}
[ INFO : 2022-03-27 18:52:58,472 ] - Epoch:  62, LR: 0.0000100,            Training Loss: 0.18811/0.21243/0.16654/0.18470/0.24095, Dev Stats: {'speech_scored': 344.27, 'speech_miss': 20.75, 'speech_falarm': 14.89, 'speaker_scored': 396.21, 'speaker_miss': 48.2, 'speaker_falarm': 35.77, 'speaker_error': 18.52, 'correct': 341.61, 'diarization_error': 102.49, 'frames': 381.95, 'DER': 25.87, 'change_recall': 0.0, 'change_precision': 0.0, 'num_pred_acc': 0.0}
[ INFO : 2022-03-27 18:53:14,586 ] - Epoch:  63, LR: 0.0000100,            Training Loss: 0.20283/0.21556/0.16111/0.18610/0.22979, Dev Stats: {'speech_scored': 344.27, 'speech_miss': 19.78, 'speech_falarm': 14.86, 'speaker_scored': 396.21, 'speaker_miss': 47.26, 'speaker_falarm': 35.54, 'speaker_error': 18.44, 'correct': 342.05, 'diarization_error': 101.24, 'frames': 381.95, 'DER': 25.55, 'change_recall': 0.0, 'change_precision': 0.0, 'num_pred_acc': 0.0}
[ INFO : 2022-03-27 18:53:30,517 ] - Epoch:  64, LR: 0.0000100,            Training Loss: 0.19488/0.21281/0.16340/0.18560/0.23427, Dev Stats: {'speech_scored': 344.27, 'speech_miss': 21.11, 'speech_falarm': 14.72, 'speaker_scored': 396.21, 'speaker_miss': 48.81, 'speaker_falarm': 35.02, 'speaker_error': 17.97, 'correct': 342.02, 'diarization_error': 101.81, 'frames': 381.95, 'DER': 25.69, 'change_recall': 0.0, 'change_precision': 0.0, 'num_pred_acc': 0.0}
[ INFO : 2022-03-27 18:53:46,888 ] - Epoch:  65, LR: 0.0000100,            Training Loss: 0.19253/0.21313/0.16734/0.18596/0.22969, Dev Stats: {'speech_scored': 344.27, 'speech_miss': 21.1, 'speech_falarm': 14.1, 'speaker_scored': 396.21, 'speaker_miss': 48.43, 'speaker_falarm': 34.67, 'speaker_error': 18.26, 'correct': 342.08, 'diarization_error': 101.36, 'frames': 381.95, 'DER': 25.58, 'change_recall': 0.0, 'change_precision': 0.0, 'num_pred_acc': 0.0}
[ INFO : 2022-03-27 18:54:02,985 ] - Epoch:  66, LR: 0.0000100,            Training Loss: 0.19922/0.21302/0.16391/0.18485/0.22760, Dev Stats: {'speech_scored': 344.27, 'speech_miss': 20.12, 'speech_falarm': 14.33, 'speaker_scored': 396.21, 'speaker_miss': 47.09, 'speaker_falarm': 35.74, 'speaker_error': 18.04, 'correct': 342.31, 'diarization_error': 100.87, 'frames': 381.95, 'DER': 25.46, 'change_recall': 0.0, 'change_precision': 0.0, 'num_pred_acc': 0.0}
[ INFO : 2022-03-27 18:54:19,142 ] - Epoch:  67, LR: 0.0000100,            Training Loss: 0.18934/0.21259/0.17281/0.18438/0.22645, Dev Stats: {'speech_scored': 344.27, 'speech_miss': 20.93, 'speech_falarm': 14.47, 'speaker_scored': 396.21, 'speaker_miss': 48.06, 'speaker_falarm': 34.79, 'speaker_error': 18.47, 'correct': 342.02, 'diarization_error': 101.31, 'frames': 381.95, 'DER': 25.57, 'change_recall': 0.0, 'change_precision': 0.0, 'num_pred_acc': 0.0}
[ INFO : 2022-03-27 18:54:35,764 ] - Epoch:  68, LR: 0.0000100,            Training Loss: 0.21834/0.21093/0.17885/0.18602/0.23167, Dev Stats: {'speech_scored': 344.27, 'speech_miss': 20.55, 'speech_falarm': 14.6, 'speaker_scored': 396.21, 'speaker_miss': 47.63, 'speaker_falarm': 35.49, 'speaker_error': 19.51, 'correct': 341.24, 'diarization_error': 102.63, 'frames': 381.95, 'DER': 25.9, 'change_recall': 0.0, 'change_precision': 0.0, 'num_pred_acc': 0.0}
[ INFO : 2022-03-27 18:54:52,296 ] - Epoch:  69, LR: 0.0000100,            Training Loss: 0.20170/0.21334/0.17319/0.18548/0.22801, Dev Stats: {'speech_scored': 344.27, 'speech_miss': 19.25, 'speech_falarm': 14.72, 'speaker_scored': 396.21, 'speaker_miss': 45.27, 'speaker_falarm': 37.64, 'speaker_error': 18.74, 'correct': 341.82, 'diarization_error': 101.65, 'frames': 381.95, 'DER': 25.66, 'change_recall': 0.0, 'change_precision': 0.0, 'num_pred_acc': 0.0}
[ INFO : 2022-03-27 18:55:08,298 ] - Epoch:  70, LR: 0.0000100,            Training Loss: 0.18960/0.21033/0.15763/0.18372/0.23273, Dev Stats: {'speech_scored': 344.27, 'speech_miss': 18.6, 'speech_falarm': 14.88, 'speaker_scored': 396.21, 'speaker_miss': 44.48, 'speaker_falarm': 38.41, 'speaker_error': 18.91, 'correct': 341.72, 'diarization_error': 101.79, 'frames': 381.95, 'DER': 25.69, 'change_recall': 0.0, 'change_precision': 0.0, 'num_pred_acc': 0.0}
[ INFO : 2022-03-27 18:55:24,508 ] - Epoch:  71, LR: 0.0000100,            Training Loss: 0.19842/0.21093/0.15414/0.18389/0.22332, Dev Stats: {'speech_scored': 344.27, 'speech_miss': 18.21, 'speech_falarm': 14.92, 'speaker_scored': 396.21, 'speaker_miss': 44.29, 'speaker_falarm': 37.81, 'speaker_error': 19.46, 'correct': 341.61, 'diarization_error': 101.56, 'frames': 381.95, 'DER': 25.63, 'change_recall': 0.0, 'change_precision': 0.0, 'num_pred_acc': 0.0}
[ INFO : 2022-03-27 18:55:40,582 ] - Epoch:  72, LR: 0.0000100,            Training Loss: 0.18592/0.20990/0.14640/0.18275/0.23187, Dev Stats: {'speech_scored': 344.27, 'speech_miss': 18.64, 'speech_falarm': 14.4, 'speaker_scored': 396.21, 'speaker_miss': 45.72, 'speaker_falarm': 35.13, 'speaker_error': 18.52, 'correct': 342.65, 'diarization_error': 99.37, 'frames': 381.95, 'DER': 25.08, 'change_recall': 0.0, 'change_precision': 0.0, 'num_pred_acc': 0.0}
[ INFO : 2022-03-27 18:55:56,619 ] - Epoch:  73, LR: 0.0000100,            Training Loss: 0.18534/0.20983/0.14847/0.18243/0.22189, Dev Stats: {'speech_scored': 344.27, 'speech_miss': 18.4, 'speech_falarm': 14.48, 'speaker_scored': 396.21, 'speaker_miss': 45.74, 'speaker_falarm': 34.58, 'speaker_error': 19.28, 'correct': 342.32, 'diarization_error': 99.6, 'frames': 381.95, 'DER': 25.14, 'change_recall': 0.0, 'change_precision': 0.0, 'num_pred_acc': 0.0}
[ INFO : 2022-03-27 18:56:13,370 ] - Epoch:  74, LR: 0.0000100,            Training Loss: 0.19364/0.20976/0.15026/0.18201/0.22752, Dev Stats: {'speech_scored': 344.27, 'speech_miss': 18.54, 'speech_falarm': 14.55, 'speaker_scored': 396.21, 'speaker_miss': 46.15, 'speaker_falarm': 34.22, 'speaker_error': 18.55, 'correct': 342.79, 'diarization_error': 98.92, 'frames': 381.95, 'DER': 24.97, 'change_recall': 0.0, 'change_precision': 0.0, 'num_pred_acc': 0.0}
[ INFO : 2022-03-27 18:56:29,786 ] - Epoch:  75, LR: 0.0000100,            Training Loss: 0.18873/0.20785/0.15461/0.17964/0.22100, Dev Stats: {'speech_scored': 344.27, 'speech_miss': 17.52, 'speech_falarm': 14.91, 'speaker_scored': 396.21, 'speaker_miss': 44.15, 'speaker_falarm': 36.46, 'speaker_error': 19.55, 'correct': 342.05, 'diarization_error': 100.15, 'frames': 381.95, 'DER': 25.28, 'change_recall': 0.0, 'change_precision': 0.0, 'num_pred_acc': 0.0}
[ INFO : 2022-03-27 18:56:45,995 ] - Epoch:  76, LR: 0.0000100,            Training Loss: 0.19997/0.20952/0.15020/0.18218/0.22897, Dev Stats: {'speech_scored': 344.27, 'speech_miss': 15.88, 'speech_falarm': 15.73, 'speaker_scored': 396.21, 'speaker_miss': 40.72, 'speaker_falarm': 41.13, 'speaker_error': 19.99, 'correct': 341.34, 'diarization_error': 101.84, 'frames': 381.95, 'DER': 25.7, 'change_recall': 0.0, 'change_precision': 0.0, 'num_pred_acc': 0.0}
[ INFO : 2022-03-27 18:57:02,555 ] - Epoch:  77, LR: 0.0000100,            Training Loss: 0.20622/0.21320/0.14431/0.18631/0.23021, Dev Stats: {'speech_scored': 344.27, 'speech_miss': 15.78, 'speech_falarm': 15.44, 'speaker_scored': 396.21, 'speaker_miss': 41.17, 'speaker_falarm': 39.66, 'speaker_error': 20.45, 'correct': 341.37, 'diarization_error': 101.28, 'frames': 381.95, 'DER': 25.56, 'change_recall': 0.0, 'change_precision': 0.0, 'num_pred_acc': 0.0}
[ INFO : 2022-03-27 18:57:18,919 ] - Epoch:  78, LR: 0.0000100,            Training Loss: 0.19257/0.21171/0.14443/0.18506/0.22893, Dev Stats: {'speech_scored': 344.27, 'speech_miss': 16.53, 'speech_falarm': 15.05, 'speaker_scored': 396.21, 'speaker_miss': 42.9, 'speaker_falarm': 37.52, 'speaker_error': 19.38, 'correct': 342.23, 'diarization_error': 99.79, 'frames': 381.95, 'DER': 25.19, 'change_recall': 0.0, 'change_precision': 0.0, 'num_pred_acc': 0.0}
[ INFO : 2022-03-27 18:57:35,266 ] - Epoch:  79, LR: 0.0000100,            Training Loss: 0.19467/0.21119/0.15238/0.18370/0.22739, Dev Stats: {'speech_scored': 344.27, 'speech_miss': 16.17, 'speech_falarm': 14.74, 'speaker_scored': 396.21, 'speaker_miss': 43.06, 'speaker_falarm': 35.95, 'speaker_error': 19.53, 'correct': 342.59, 'diarization_error': 98.53, 'frames': 381.95, 'DER': 24.87, 'change_recall': 0.0, 'change_precision': 0.0, 'num_pred_acc': 0.0}
[ INFO : 2022-03-27 18:57:51,712 ] - Epoch:  80, LR: 0.0000100,            Training Loss: 0.19081/0.21163/0.15152/0.18411/0.23116, Dev Stats: {'speech_scored': 344.27, 'speech_miss': 16.81, 'speech_falarm': 14.7, 'speaker_scored': 396.21, 'speaker_miss': 43.59, 'speaker_falarm': 35.7, 'speaker_error': 18.49, 'correct': 343.19, 'diarization_error': 97.79, 'frames': 381.95, 'DER': 24.68, 'change_recall': 0.0, 'change_precision': 0.0, 'num_pred_acc': 0.0}
[ INFO : 2022-03-27 18:58:07,799 ] - Epoch:  81, LR: 0.0000100,            Training Loss: 0.18955/0.20839/0.14533/0.18222/0.23006, Dev Stats: {'speech_scored': 344.27, 'speech_miss': 16.71, 'speech_falarm': 14.52, 'speaker_scored': 396.21, 'speaker_miss': 43.38, 'speaker_falarm': 35.99, 'speaker_error': 18.94, 'correct': 342.87, 'diarization_error': 98.3, 'frames': 381.95, 'DER': 24.81, 'change_recall': 0.0, 'change_precision': 0.0, 'num_pred_acc': 0.0}
[ INFO : 2022-03-27 18:58:24,274 ] - Epoch:  82, LR: 0.0000100,            Training Loss: 0.20512/0.20867/0.14527/0.18220/0.22258, Dev Stats: {'speech_scored': 344.27, 'speech_miss': 15.65, 'speech_falarm': 14.53, 'speaker_scored': 396.21, 'speaker_miss': 42.24, 'speaker_falarm': 36.22, 'speaker_error': 18.98, 'correct': 343.14, 'diarization_error': 97.44, 'frames': 381.95, 'DER': 24.59, 'change_recall': 0.0, 'change_precision': 0.0, 'num_pred_acc': 0.0}
[ INFO : 2022-03-27 18:58:40,557 ] - Epoch:  83, LR: 0.0000100,            Training Loss: 0.19496/0.21267/0.15198/0.18373/0.22667, Dev Stats: {'speech_scored': 344.27, 'speech_miss': 16.53, 'speech_falarm': 14.54, 'speaker_scored': 396.21, 'speaker_miss': 43.31, 'speaker_falarm': 35.64, 'speaker_error': 19.78, 'correct': 342.45, 'diarization_error': 98.73, 'frames': 381.95, 'DER': 24.92, 'change_recall': 0.0, 'change_precision': 0.0, 'num_pred_acc': 0.0}
[ INFO : 2022-03-27 18:58:56,332 ] - Epoch:  84, LR: 0.0000100,            Training Loss: 0.18758/0.21006/0.14686/0.18164/0.21523, Dev Stats: {'speech_scored': 344.27, 'speech_miss': 17.17, 'speech_falarm': 14.49, 'speaker_scored': 396.21, 'speaker_miss': 43.72, 'speaker_falarm': 35.84, 'speaker_error': 19.41, 'correct': 342.49, 'diarization_error': 98.97, 'frames': 381.95, 'DER': 24.98, 'change_recall': 0.0, 'change_precision': 0.0, 'num_pred_acc': 0.0}
[ INFO : 2022-03-27 18:59:12,753 ] - Epoch:  85, LR: 0.0000100,            Training Loss: 0.20025/0.20721/0.14703/0.18011/0.22517, Dev Stats: {'speech_scored': 344.27, 'speech_miss': 16.83, 'speech_falarm': 14.54, 'speaker_scored': 396.21, 'speaker_miss': 42.92, 'speaker_falarm': 36.52, 'speaker_error': 18.51, 'correct': 343.13, 'diarization_error': 97.96, 'frames': 381.95, 'DER': 24.72, 'change_recall': 0.0, 'change_precision': 0.0, 'num_pred_acc': 0.0}
[ INFO : 2022-03-27 18:59:28,851 ] - Epoch:  86, LR: 0.0000100,            Training Loss: 0.19273/0.20791/0.15033/0.18111/0.22288, Dev Stats: {'speech_scored': 344.27, 'speech_miss': 17.14, 'speech_falarm': 14.45, 'speaker_scored': 396.21, 'speaker_miss': 43.24, 'speaker_falarm': 36.06, 'speaker_error': 18.83, 'correct': 342.97, 'diarization_error': 98.13, 'frames': 381.95, 'DER': 24.77, 'change_recall': 0.0, 'change_precision': 0.0, 'num_pred_acc': 0.0}
[ INFO : 2022-03-27 18:59:44,724 ] - Epoch:  87, LR: 0.0000100,            Training Loss: 0.17967/0.20642/0.14540/0.18120/0.21645, Dev Stats: {'speech_scored': 344.27, 'speech_miss': 17.29, 'speech_falarm': 14.25, 'speaker_scored': 396.21, 'speaker_miss': 43.58, 'speaker_falarm': 35.87, 'speaker_error': 19.05, 'correct': 342.76, 'diarization_error': 98.51, 'frames': 381.95, 'DER': 24.86, 'change_recall': 0.0, 'change_precision': 0.0, 'num_pred_acc': 0.0}
[ INFO : 2022-03-27 19:00:00,579 ] - Epoch:  88, LR: 0.0000100,            Training Loss: 0.18232/0.20897/0.14968/0.18031/0.21213, Dev Stats: {'speech_scored': 344.27, 'speech_miss': 16.84, 'speech_falarm': 14.19, 'speaker_scored': 396.21, 'speaker_miss': 43.13, 'speaker_falarm': 35.47, 'speaker_error': 18.56, 'correct': 343.37, 'diarization_error': 97.17, 'frames': 381.95, 'DER': 24.52, 'change_recall': 0.0, 'change_precision': 0.0, 'num_pred_acc': 0.0}
[ INFO : 2022-03-27 19:00:16,721 ] - Epoch:  89, LR: 0.0000100,            Training Loss: 0.19159/0.20600/0.14389/0.17915/0.21519, Dev Stats: {'speech_scored': 344.27, 'speech_miss': 17.02, 'speech_falarm': 14.13, 'speaker_scored': 396.21, 'speaker_miss': 43.29, 'speaker_falarm': 35.43, 'speaker_error': 18.71, 'correct': 343.23, 'diarization_error': 97.44, 'frames': 381.95, 'DER': 24.59, 'change_recall': 0.0, 'change_precision': 0.0, 'num_pred_acc': 0.0}
[ INFO : 2022-03-27 19:00:32,989 ] - Epoch:  90, LR: 0.0000100,            Training Loss: 0.18002/0.20611/0.14712/0.17947/0.22029, Dev Stats: {'speech_scored': 344.27, 'speech_miss': 16.96, 'speech_falarm': 13.99, 'speaker_scored': 396.21, 'speaker_miss': 43.27, 'speaker_falarm': 35.32, 'speaker_error': 19.03, 'correct': 343.07, 'diarization_error': 97.62, 'frames': 381.95, 'DER': 24.64, 'change_recall': 0.0, 'change_precision': 0.0, 'num_pred_acc': 0.0}
[ INFO : 2022-03-27 19:00:48,659 ] - Epoch:  91, LR: 0.0000100,            Training Loss: 0.19364/0.20550/0.14533/0.18057/0.21414, Dev Stats: {'speech_scored': 344.27, 'speech_miss': 17.49, 'speech_falarm': 14.04, 'speaker_scored': 396.21, 'speaker_miss': 43.96, 'speaker_falarm': 34.84, 'speaker_error': 18.35, 'correct': 343.45, 'diarization_error': 97.15, 'frames': 381.95, 'DER': 24.52, 'change_recall': 0.0, 'change_precision': 0.0, 'num_pred_acc': 0.0}
[ INFO : 2022-03-27 19:01:04,131 ] - Epoch:  92, LR: 0.0000100,            Training Loss: 0.17618/0.20724/0.14874/0.17972/0.21732, Dev Stats: {'speech_scored': 344.27, 'speech_miss': 16.75, 'speech_falarm': 14.09, 'speaker_scored': 396.21, 'speaker_miss': 42.85, 'speaker_falarm': 35.36, 'speaker_error': 18.86, 'correct': 343.3, 'diarization_error': 97.07, 'frames': 381.95, 'DER': 24.5, 'change_recall': 0.0, 'change_precision': 0.0, 'num_pred_acc': 0.0}
[ INFO : 2022-03-27 19:01:20,599 ] - Epoch:  93, LR: 0.0000100,            Training Loss: 0.19507/0.20572/0.14280/0.18018/0.21490, Dev Stats: {'speech_scored': 344.27, 'speech_miss': 16.71, 'speech_falarm': 14.1, 'speaker_scored': 396.21, 'speaker_miss': 43.01, 'speaker_falarm': 35.57, 'speaker_error': 19.15, 'correct': 342.99, 'diarization_error': 97.72, 'frames': 381.95, 'DER': 24.66, 'change_recall': 0.0, 'change_precision': 0.0, 'num_pred_acc': 0.0}
[ INFO : 2022-03-27 19:01:37,954 ] - Epoch:  94, LR: 0.0000100,            Training Loss: 0.19153/0.20509/0.14370/0.17768/0.21838, Dev Stats: {'speech_scored': 344.27, 'speech_miss': 16.53, 'speech_falarm': 13.95, 'speaker_scored': 396.21, 'speaker_miss': 42.97, 'speaker_falarm': 34.86, 'speaker_error': 18.58, 'correct': 343.62, 'diarization_error': 96.41, 'frames': 381.95, 'DER': 24.33, 'change_recall': 0.0, 'change_precision': 0.0, 'num_pred_acc': 0.0}
[ INFO : 2022-03-27 19:01:54,125 ] - Epoch:  95, LR: 0.0000100,            Training Loss: 0.18116/0.20601/0.14216/0.18113/0.21828, Dev Stats: {'speech_scored': 344.27, 'speech_miss': 16.84, 'speech_falarm': 14.07, 'speaker_scored': 396.21, 'speaker_miss': 42.8, 'speaker_falarm': 35.7, 'speaker_error': 18.63, 'correct': 343.36, 'diarization_error': 97.14, 'frames': 381.95, 'DER': 24.52, 'change_recall': 0.0, 'change_precision': 0.0, 'num_pred_acc': 0.0}
[ INFO : 2022-03-27 19:02:10,366 ] - Epoch:  96, LR: 0.0000100,            Training Loss: 0.16745/0.20524/0.13930/0.17920/0.21483, Dev Stats: {'speech_scored': 344.27, 'speech_miss': 17.03, 'speech_falarm': 13.93, 'speaker_scored': 396.21, 'speaker_miss': 43.21, 'speaker_falarm': 35.39, 'speaker_error': 18.85, 'correct': 343.18, 'diarization_error': 97.45, 'frames': 381.95, 'DER': 24.6, 'change_recall': 0.0, 'change_precision': 0.0, 'num_pred_acc': 0.0}
[ INFO : 2022-03-27 19:02:26,556 ] - Epoch:  97, LR: 0.0000100,            Training Loss: 0.17738/0.20447/0.13306/0.17736/0.21305, Dev Stats: {'speech_scored': 344.27, 'speech_miss': 16.66, 'speech_falarm': 14.19, 'speaker_scored': 396.21, 'speaker_miss': 42.2, 'speaker_falarm': 36.32, 'speaker_error': 18.98, 'correct': 343.12, 'diarization_error': 97.5, 'frames': 381.95, 'DER': 24.61, 'change_recall': 0.0, 'change_precision': 0.0, 'num_pred_acc': 0.0}
[ INFO : 2022-03-27 19:02:43,180 ] - Epoch:  98, LR: 0.0000100,            Training Loss: 0.16950/0.21199/0.11689/0.18519/0.22868, Dev Stats: {'speech_scored': 344.27, 'speech_miss': 15.79, 'speech_falarm': 14.36, 'speaker_scored': 396.21, 'speaker_miss': 36.55, 'speaker_falarm': 51.4, 'speaker_error': 18.97, 'correct': 339.99, 'diarization_error': 106.92, 'frames': 381.95, 'DER': 26.99, 'change_recall': 0.0, 'change_precision': 0.0, 'num_pred_acc': 0.0}
[ INFO : 2022-03-27 19:02:59,506 ] - Epoch:  99, LR: 0.0000100,            Training Loss: 0.15762/0.21435/0.11151/0.19010/0.25202, Dev Stats: {'speech_scored': 344.27, 'speech_miss': 15.9, 'speech_falarm': 14.03, 'speaker_scored': 396.21, 'speaker_miss': 37.76, 'speaker_falarm': 47.77, 'speaker_error': 19.93, 'correct': 340.16, 'diarization_error': 105.45, 'frames': 381.95, 'DER': 26.62, 'change_recall': 0.0, 'change_precision': 0.0, 'num_pred_acc': 0.0}
[ INFO : 2022-03-27 19:03:16,222 ] - Epoch: 100, LR: 0.0000100,            Training Loss: 0.15913/0.21621/0.11608/0.18875/0.23956, Dev Stats: {'speech_scored': 344.27, 'speech_miss': 16.21, 'speech_falarm': 13.77, 'speaker_scored': 396.21, 'speaker_miss': 39.25, 'speaker_falarm': 43.27, 'speaker_error': 18.89, 'correct': 341.85, 'diarization_error': 101.41, 'frames': 381.95, 'DER': 25.59, 'change_recall': 0.0, 'change_precision': 0.0, 'num_pred_acc': 0.0}
[ INFO : 2022-03-27 19:03:16,651 ] - Finished!
