[ INFO : 2022-02-14 15:22:27,070 ] - namespace(batchsize=32, config=[<yamlargparse.Path object at 0x7f655e256b70>], config2=[<yamlargparse.Path object at 0x7f655e256358>], context_size=7, feature_config=[<yamlargparse.Path object at 0x7f655e2560f0>], frame_shift=80, frame_size=200, gpu=2, gradclip=5, gradient_accumulation_steps=1, hidden_size=256, in_size=345, inherit_from=None, initmodel='exp/LibriSpeech_3/EEND/gradclip_5_batchsize_32_num_frames_500_noam_lr_1.0_noam_warmup_steps_100000//models/avg.th', input_transform='logmel23_mn', label_delay=0, loss_factor=None, lr=0.0001, max_epochs=100, model_save_dir='exp/LibriSpeech_3/EEND/gradclip_5_batchsize_32_num_frames_500_noam_lr_1.0_noam_warmup_steps_100000//adapt_callhome_3/gradclip_5_batchsize_32_num_frames_500_adam_lr_1e-4/models_adapt', model_type='EEND', noam_warmup_steps=100000, num_frames=500, num_speakers=3, optimizer='adam', resume=0, rnn_cell='LSTM', sampling_rate=8000, seed=777, subsampling=10, train_data_dir='data/callhome/eval/callhome1_spk3', transformer_encoder_dropout=0.1, transformer_encoder_n_heads=4, transformer_encoder_n_layers=4, valid_data_dir='data/callhome/eval/callhome2_spk3')
[ INFO : 2022-02-14 15:22:30,209 ] - Prepared model
[ INFO : 2022-02-14 15:22:30,210 ] - DataParallel(
  (module): EEND(
    (encoder): Linear(in_features=345, out_features=256, bias=True)
    (encoder_norm): LayerNorm((256,), eps=1e-05, elementwise_affine=True)
    (transformer_encoder): TransformerEncoder(
      (layers): ModuleList(
        (0): TransformerEncoderLayer(
          (self_attn): MultiheadAttention(
            (out_proj): _LinearWithBias(in_features=256, out_features=256, bias=True)
          )
          (linear1): Linear(in_features=256, out_features=2048, bias=True)
          (dropout): Dropout(p=0.1, inplace=False)
          (linear2): Linear(in_features=2048, out_features=256, bias=True)
          (norm1): LayerNorm((256,), eps=1e-05, elementwise_affine=True)
          (norm2): LayerNorm((256,), eps=1e-05, elementwise_affine=True)
          (dropout1): Dropout(p=0.1, inplace=False)
          (dropout2): Dropout(p=0.1, inplace=False)
        )
        (1): TransformerEncoderLayer(
          (self_attn): MultiheadAttention(
            (out_proj): _LinearWithBias(in_features=256, out_features=256, bias=True)
          )
          (linear1): Linear(in_features=256, out_features=2048, bias=True)
          (dropout): Dropout(p=0.1, inplace=False)
          (linear2): Linear(in_features=2048, out_features=256, bias=True)
          (norm1): LayerNorm((256,), eps=1e-05, elementwise_affine=True)
          (norm2): LayerNorm((256,), eps=1e-05, elementwise_affine=True)
          (dropout1): Dropout(p=0.1, inplace=False)
          (dropout2): Dropout(p=0.1, inplace=False)
        )
        (2): TransformerEncoderLayer(
          (self_attn): MultiheadAttention(
            (out_proj): _LinearWithBias(in_features=256, out_features=256, bias=True)
          )
          (linear1): Linear(in_features=256, out_features=2048, bias=True)
          (dropout): Dropout(p=0.1, inplace=False)
          (linear2): Linear(in_features=2048, out_features=256, bias=True)
          (norm1): LayerNorm((256,), eps=1e-05, elementwise_affine=True)
          (norm2): LayerNorm((256,), eps=1e-05, elementwise_affine=True)
          (dropout1): Dropout(p=0.1, inplace=False)
          (dropout2): Dropout(p=0.1, inplace=False)
        )
        (3): TransformerEncoderLayer(
          (self_attn): MultiheadAttention(
            (out_proj): _LinearWithBias(in_features=256, out_features=256, bias=True)
          )
          (linear1): Linear(in_features=256, out_features=2048, bias=True)
          (dropout): Dropout(p=0.1, inplace=False)
          (linear2): Linear(in_features=2048, out_features=256, bias=True)
          (norm1): LayerNorm((256,), eps=1e-05, elementwise_affine=True)
          (norm2): LayerNorm((256,), eps=1e-05, elementwise_affine=True)
          (dropout1): Dropout(p=0.1, inplace=False)
          (dropout2): Dropout(p=0.1, inplace=False)
        )
      )
    )
    (decoder): Linear(in_features=256, out_features=3, bias=True)
  )
)
[ INFO : 2022-02-14 15:22:30,216 ] - Load model from exp/LibriSpeech_3/EEND/gradclip_5_batchsize_32_num_frames_500_noam_lr_1.0_noam_warmup_steps_100000//models/avg.th
[ INFO : 2022-02-14 15:22:43,580 ] - Epoch:   1, LR: 0.0001000,            Training Loss: 0.32597, Dev Stats: {'speech_scored': 344.27, 'speech_miss': 14.42, 'speech_falarm': 18.53, 'speaker_scored': 396.21, 'speaker_miss': 41.12, 'speaker_falarm': 45.69, 'speaker_error': 18.39, 'correct': 340.76, 'diarization_error': 105.2, 'frames': 381.95, 'DER': 26.55, 'change_recall': 0.0, 'change_precision': 0.0, 'num_pred_acc': 0.0}
[ INFO : 2022-02-14 15:22:53,379 ] - Epoch:   2, LR: 0.0001000,            Training Loss: 0.25386, Dev Stats: {'speech_scored': 344.27, 'speech_miss': 18.18, 'speech_falarm': 13.1, 'speaker_scored': 396.21, 'speaker_miss': 48.26, 'speaker_falarm': 28.74, 'speaker_error': 16.04, 'correct': 345.59, 'diarization_error': 93.04, 'frames': 381.95, 'DER': 23.48, 'change_recall': 0.0, 'change_precision': 0.0, 'num_pred_acc': 0.0}
[ INFO : 2022-02-14 15:23:03,912 ] - Epoch:   3, LR: 0.0001000,            Training Loss: 0.22797, Dev Stats: {'speech_scored': 344.27, 'speech_miss': 17.86, 'speech_falarm': 11.77, 'speaker_scored': 396.21, 'speaker_miss': 45.15, 'speaker_falarm': 29.72, 'speaker_error': 15.21, 'correct': 346.85, 'diarization_error': 90.08, 'frames': 381.95, 'DER': 22.74, 'change_recall': 0.0, 'change_precision': 0.0, 'num_pred_acc': 0.0}
[ INFO : 2022-02-14 15:23:14,425 ] - Epoch:   4, LR: 0.0001000,            Training Loss: 0.21509, Dev Stats: {'speech_scored': 344.27, 'speech_miss': 17.69, 'speech_falarm': 11.17, 'speaker_scored': 396.21, 'speaker_miss': 45.57, 'speaker_falarm': 27.03, 'speaker_error': 15.04, 'correct': 347.72, 'diarization_error': 87.64, 'frames': 381.95, 'DER': 22.12, 'change_recall': 0.0, 'change_precision': 0.0, 'num_pred_acc': 0.0}
[ INFO : 2022-02-14 15:23:24,357 ] - Epoch:   5, LR: 0.0001000,            Training Loss: 0.20953, Dev Stats: {'speech_scored': 344.27, 'speech_miss': 20.49, 'speech_falarm': 9.53, 'speaker_scored': 396.21, 'speaker_miss': 48.81, 'speaker_falarm': 23.47, 'speaker_error': 14.05, 'correct': 348.49, 'diarization_error': 86.33, 'frames': 381.95, 'DER': 21.79, 'change_recall': 0.0, 'change_precision': 0.0, 'num_pred_acc': 0.0}
[ INFO : 2022-02-14 15:23:35,185 ] - Epoch:   6, LR: 0.0001000,            Training Loss: 0.20528, Dev Stats: {'speech_scored': 344.27, 'speech_miss': 17.33, 'speech_falarm': 10.57, 'speaker_scored': 396.21, 'speaker_miss': 42.44, 'speaker_falarm': 28.54, 'speaker_error': 13.3, 'correct': 349.42, 'diarization_error': 84.28, 'frames': 381.95, 'DER': 21.27, 'change_recall': 0.0, 'change_precision': 0.0, 'num_pred_acc': 0.0}
[ INFO : 2022-02-14 15:23:45,962 ] - Epoch:   7, LR: 0.0001000,            Training Loss: 0.20222, Dev Stats: {'speech_scored': 344.27, 'speech_miss': 15.48, 'speech_falarm': 11.47, 'speaker_scored': 396.21, 'speaker_miss': 39.38, 'speaker_falarm': 31.86, 'speaker_error': 13.77, 'correct': 349.02, 'diarization_error': 85.01, 'frames': 381.95, 'DER': 21.46, 'change_recall': 0.0, 'change_precision': 0.0, 'num_pred_acc': 0.0}
[ INFO : 2022-02-14 15:23:56,533 ] - Epoch:   8, LR: 0.0001000,            Training Loss: 0.19597, Dev Stats: {'speech_scored': 344.27, 'speech_miss': 20.88, 'speech_falarm': 8.66, 'speaker_scored': 396.21, 'speaker_miss': 47.76, 'speaker_falarm': 23.85, 'speaker_error': 13.99, 'correct': 348.76, 'diarization_error': 85.59, 'frames': 381.95, 'DER': 21.6, 'change_recall': 0.0, 'change_precision': 0.0, 'num_pred_acc': 0.0}
[ INFO : 2022-02-14 15:24:07,014 ] - Epoch:   9, LR: 0.0001000,            Training Loss: 0.19779, Dev Stats: {'speech_scored': 344.27, 'speech_miss': 17.06, 'speech_falarm': 10.35, 'speaker_scored': 396.21, 'speaker_miss': 43.06, 'speaker_falarm': 26.51, 'speaker_error': 12.99, 'correct': 350.1, 'diarization_error': 82.56, 'frames': 381.95, 'DER': 20.84, 'change_recall': 0.0, 'change_precision': 0.0, 'num_pred_acc': 0.0}
[ INFO : 2022-02-14 15:24:17,305 ] - Epoch:  10, LR: 0.0001000,            Training Loss: 0.18901, Dev Stats: {'speech_scored': 344.27, 'speech_miss': 17.59, 'speech_falarm': 9.96, 'speaker_scored': 396.21, 'speaker_miss': 44.16, 'speaker_falarm': 24.58, 'speaker_error': 12.66, 'correct': 350.6, 'diarization_error': 81.4, 'frames': 381.95, 'DER': 20.55, 'change_recall': 0.0, 'change_precision': 0.0, 'num_pred_acc': 0.0}
[ INFO : 2022-02-14 15:24:27,599 ] - Epoch:  11, LR: 0.0001000,            Training Loss: 0.18410, Dev Stats: {'speech_scored': 344.27, 'speech_miss': 21.0, 'speech_falarm': 8.3, 'speaker_scored': 396.21, 'speaker_miss': 48.95, 'speaker_falarm': 21.09, 'speaker_error': 12.45, 'correct': 350.3, 'diarization_error': 82.49, 'frames': 381.95, 'DER': 20.82, 'change_recall': 0.0, 'change_precision': 0.0, 'num_pred_acc': 0.0}
[ INFO : 2022-02-14 15:24:37,991 ] - Epoch:  12, LR: 0.0001000,            Training Loss: 0.18230, Dev Stats: {'speech_scored': 344.27, 'speech_miss': 16.94, 'speech_falarm': 10.22, 'speaker_scored': 396.21, 'speaker_miss': 42.02, 'speaker_falarm': 26.38, 'speaker_error': 12.52, 'correct': 350.8, 'diarization_error': 80.92, 'frames': 381.95, 'DER': 20.42, 'change_recall': 0.0, 'change_precision': 0.0, 'num_pred_acc': 0.0}
[ INFO : 2022-02-14 15:24:48,499 ] - Epoch:  13, LR: 0.0001000,            Training Loss: 0.17637, Dev Stats: {'speech_scored': 344.27, 'speech_miss': 15.86, 'speech_falarm': 10.96, 'speaker_scored': 396.21, 'speaker_miss': 40.98, 'speaker_falarm': 27.62, 'speaker_error': 13.07, 'correct': 350.37, 'diarization_error': 81.68, 'frames': 381.95, 'DER': 20.61, 'change_recall': 0.0, 'change_precision': 0.0, 'num_pred_acc': 0.0}
[ INFO : 2022-02-14 15:24:58,447 ] - Epoch:  14, LR: 0.0001000,            Training Loss: 0.17330, Dev Stats: {'speech_scored': 344.27, 'speech_miss': 20.03, 'speech_falarm': 8.65, 'speaker_scored': 396.21, 'speaker_miss': 46.11, 'speaker_falarm': 23.11, 'speaker_error': 12.2, 'correct': 350.75, 'diarization_error': 81.41, 'frames': 381.95, 'DER': 20.55, 'change_recall': 0.0, 'change_precision': 0.0, 'num_pred_acc': 0.0}
[ INFO : 2022-02-14 15:25:08,757 ] - Epoch:  15, LR: 0.0001000,            Training Loss: 0.16723, Dev Stats: {'speech_scored': 344.27, 'speech_miss': 19.53, 'speech_falarm': 9.0, 'speaker_scored': 396.21, 'speaker_miss': 46.9, 'speaker_falarm': 21.28, 'speaker_error': 12.37, 'correct': 350.97, 'diarization_error': 80.56, 'frames': 381.95, 'DER': 20.33, 'change_recall': 0.0, 'change_precision': 0.0, 'num_pred_acc': 0.0}
[ INFO : 2022-02-14 15:25:19,253 ] - Epoch:  16, LR: 0.0001000,            Training Loss: 0.16529, Dev Stats: {'speech_scored': 344.27, 'speech_miss': 21.35, 'speech_falarm': 8.24, 'speaker_scored': 396.21, 'speaker_miss': 48.75, 'speaker_falarm': 20.1, 'speaker_error': 12.21, 'correct': 350.86, 'diarization_error': 81.06, 'frames': 381.95, 'DER': 20.46, 'change_recall': 0.0, 'change_precision': 0.0, 'num_pred_acc': 0.0}
[ INFO : 2022-02-14 15:25:30,568 ] - Epoch:  17, LR: 0.0001000,            Training Loss: 0.16336, Dev Stats: {'speech_scored': 344.27, 'speech_miss': 19.05, 'speech_falarm': 8.9, 'speaker_scored': 396.21, 'speaker_miss': 45.86, 'speaker_falarm': 21.59, 'speaker_error': 12.52, 'correct': 351.12, 'diarization_error': 79.97, 'frames': 381.95, 'DER': 20.18, 'change_recall': 0.0, 'change_precision': 0.0, 'num_pred_acc': 0.0}
[ INFO : 2022-02-14 15:25:40,606 ] - Epoch:  18, LR: 0.0001000,            Training Loss: 0.16111, Dev Stats: {'speech_scored': 344.27, 'speech_miss': 18.22, 'speech_falarm': 9.27, 'speaker_scored': 396.21, 'speaker_miss': 43.75, 'speaker_falarm': 23.63, 'speaker_error': 11.87, 'correct': 351.58, 'diarization_error': 79.25, 'frames': 381.95, 'DER': 20.0, 'change_recall': 0.0, 'change_precision': 0.0, 'num_pred_acc': 0.0}
[ INFO : 2022-02-14 15:25:51,102 ] - Epoch:  19, LR: 0.0001000,            Training Loss: 0.15928, Dev Stats: {'speech_scored': 344.27, 'speech_miss': 18.97, 'speech_falarm': 9.24, 'speaker_scored': 396.21, 'speaker_miss': 44.0, 'speaker_falarm': 24.35, 'speaker_error': 12.55, 'correct': 350.81, 'diarization_error': 80.89, 'frames': 381.95, 'DER': 20.42, 'change_recall': 0.0, 'change_precision': 0.0, 'num_pred_acc': 0.0}
[ INFO : 2022-02-14 15:26:01,088 ] - Epoch:  20, LR: 0.0001000,            Training Loss: 0.15630, Dev Stats: {'speech_scored': 344.27, 'speech_miss': 17.61, 'speech_falarm': 9.6, 'speaker_scored': 396.21, 'speaker_miss': 42.48, 'speaker_falarm': 24.81, 'speaker_error': 11.82, 'correct': 351.64, 'diarization_error': 79.11, 'frames': 381.95, 'DER': 19.97, 'change_recall': 0.0, 'change_precision': 0.0, 'num_pred_acc': 0.0}
[ INFO : 2022-02-14 15:26:10,923 ] - Epoch:  21, LR: 0.0001000,            Training Loss: 0.15352, Dev Stats: {'speech_scored': 344.27, 'speech_miss': 17.15, 'speech_falarm': 9.97, 'speaker_scored': 396.21, 'speaker_miss': 42.95, 'speaker_falarm': 23.77, 'speaker_error': 12.0, 'correct': 351.71, 'diarization_error': 78.73, 'frames': 381.95, 'DER': 19.87, 'change_recall': 0.0, 'change_precision': 0.0, 'num_pred_acc': 0.0}
[ INFO : 2022-02-14 15:26:20,670 ] - Epoch:  22, LR: 0.0001000,            Training Loss: 0.15252, Dev Stats: {'speech_scored': 344.27, 'speech_miss': 19.28, 'speech_falarm': 8.91, 'speaker_scored': 396.21, 'speaker_miss': 46.38, 'speaker_falarm': 20.69, 'speaker_error': 11.73, 'correct': 351.77, 'diarization_error': 78.8, 'frames': 381.95, 'DER': 19.89, 'change_recall': 0.0, 'change_precision': 0.0, 'num_pred_acc': 0.0}
[ INFO : 2022-02-14 15:26:30,770 ] - Epoch:  23, LR: 0.0001000,            Training Loss: 0.14915, Dev Stats: {'speech_scored': 344.27, 'speech_miss': 18.73, 'speech_falarm': 8.76, 'speaker_scored': 396.21, 'speaker_miss': 43.95, 'speaker_falarm': 22.92, 'speaker_error': 11.59, 'correct': 351.93, 'diarization_error': 78.46, 'frames': 381.95, 'DER': 19.8, 'change_recall': 0.0, 'change_precision': 0.0, 'num_pred_acc': 0.0}
[ INFO : 2022-02-14 15:26:41,169 ] - Epoch:  24, LR: 0.0001000,            Training Loss: 0.14670, Dev Stats: {'speech_scored': 344.27, 'speech_miss': 18.81, 'speech_falarm': 8.96, 'speaker_scored': 396.21, 'speaker_miss': 44.51, 'speaker_falarm': 22.28, 'speaker_error': 11.44, 'correct': 352.06, 'diarization_error': 78.23, 'frames': 381.95, 'DER': 19.74, 'change_recall': 0.0, 'change_precision': 0.0, 'num_pred_acc': 0.0}
[ INFO : 2022-02-14 15:26:51,302 ] - Epoch:  25, LR: 0.0001000,            Training Loss: 0.14560, Dev Stats: {'speech_scored': 344.27, 'speech_miss': 16.41, 'speech_falarm': 9.89, 'speaker_scored': 396.21, 'speaker_miss': 40.87, 'speaker_falarm': 25.19, 'speaker_error': 11.82, 'correct': 352.05, 'diarization_error': 77.89, 'frames': 381.95, 'DER': 19.66, 'change_recall': 0.0, 'change_precision': 0.0, 'num_pred_acc': 0.0}
[ INFO : 2022-02-14 15:27:01,438 ] - Epoch:  26, LR: 0.0001000,            Training Loss: 0.14545, Dev Stats: {'speech_scored': 344.27, 'speech_miss': 19.67, 'speech_falarm': 8.95, 'speaker_scored': 396.21, 'speaker_miss': 46.13, 'speaker_falarm': 21.71, 'speaker_error': 12.13, 'correct': 351.25, 'diarization_error': 79.97, 'frames': 381.95, 'DER': 20.18, 'change_recall': 0.0, 'change_precision': 0.0, 'num_pred_acc': 0.0}
[ INFO : 2022-02-14 15:27:11,404 ] - Epoch:  27, LR: 0.0001000,            Training Loss: 0.14145, Dev Stats: {'speech_scored': 344.27, 'speech_miss': 17.83, 'speech_falarm': 9.5, 'speaker_scored': 396.21, 'speaker_miss': 43.03, 'speaker_falarm': 23.46, 'speaker_error': 11.71, 'correct': 351.98, 'diarization_error': 78.2, 'frames': 381.95, 'DER': 19.74, 'change_recall': 0.0, 'change_precision': 0.0, 'num_pred_acc': 0.0}
[ INFO : 2022-02-14 15:27:21,508 ] - Epoch:  28, LR: 0.0001000,            Training Loss: 0.14189, Dev Stats: {'speech_scored': 344.27, 'speech_miss': 18.84, 'speech_falarm': 9.24, 'speaker_scored': 396.21, 'speaker_miss': 43.87, 'speaker_falarm': 23.96, 'speaker_error': 12.08, 'correct': 351.29, 'diarization_error': 79.91, 'frames': 381.95, 'DER': 20.17, 'change_recall': 0.0, 'change_precision': 0.0, 'num_pred_acc': 0.0}
[ INFO : 2022-02-14 15:27:31,408 ] - Epoch:  29, LR: 0.0001000,            Training Loss: 0.13986, Dev Stats: {'speech_scored': 344.27, 'speech_miss': 20.32, 'speech_falarm': 8.36, 'speaker_scored': 396.21, 'speaker_miss': 45.44, 'speaker_falarm': 22.46, 'speaker_error': 11.49, 'correct': 351.66, 'diarization_error': 79.39, 'frames': 381.95, 'DER': 20.04, 'change_recall': 0.0, 'change_precision': 0.0, 'num_pred_acc': 0.0}
[ INFO : 2022-02-14 15:27:41,664 ] - Epoch:  30, LR: 0.0001000,            Training Loss: 0.13737, Dev Stats: {'speech_scored': 344.27, 'speech_miss': 20.39, 'speech_falarm': 8.5, 'speaker_scored': 396.21, 'speaker_miss': 45.45, 'speaker_falarm': 22.9, 'speaker_error': 12.23, 'correct': 351.01, 'diarization_error': 80.58, 'frames': 381.95, 'DER': 20.34, 'change_recall': 0.0, 'change_precision': 0.0, 'num_pred_acc': 0.0}
[ INFO : 2022-02-14 15:27:52,046 ] - Epoch:  31, LR: 0.0001000,            Training Loss: 0.13741, Dev Stats: {'speech_scored': 344.27, 'speech_miss': 20.53, 'speech_falarm': 8.47, 'speaker_scored': 396.21, 'speaker_miss': 45.88, 'speaker_falarm': 22.12, 'speaker_error': 11.86, 'correct': 351.38, 'diarization_error': 79.86, 'frames': 381.95, 'DER': 20.16, 'change_recall': 0.0, 'change_precision': 0.0, 'num_pred_acc': 0.0}
[ INFO : 2022-02-14 15:28:02,466 ] - Epoch:  32, LR: 0.0001000,            Training Loss: 0.13550, Dev Stats: {'speech_scored': 344.27, 'speech_miss': 15.62, 'speech_falarm': 10.55, 'speaker_scored': 396.21, 'speaker_miss': 38.1, 'speaker_falarm': 28.81, 'speaker_error': 12.24, 'correct': 351.49, 'diarization_error': 79.15, 'frames': 381.95, 'DER': 19.98, 'change_recall': 0.0, 'change_precision': 0.0, 'num_pred_acc': 0.0}
[ INFO : 2022-02-14 15:28:12,903 ] - Epoch:  33, LR: 0.0001000,            Training Loss: 0.13477, Dev Stats: {'speech_scored': 344.27, 'speech_miss': 18.02, 'speech_falarm': 9.59, 'speaker_scored': 396.21, 'speaker_miss': 41.59, 'speaker_falarm': 26.29, 'speaker_error': 12.63, 'correct': 350.9, 'diarization_error': 80.51, 'frames': 381.95, 'DER': 20.32, 'change_recall': 0.0, 'change_precision': 0.0, 'num_pred_acc': 0.0}
[ INFO : 2022-02-14 15:28:23,341 ] - Epoch:  34, LR: 0.0001000,            Training Loss: 0.13337, Dev Stats: {'speech_scored': 344.27, 'speech_miss': 19.27, 'speech_falarm': 9.13, 'speaker_scored': 396.21, 'speaker_miss': 44.62, 'speaker_falarm': 22.68, 'speaker_error': 12.29, 'correct': 351.32, 'diarization_error': 79.6, 'frames': 381.95, 'DER': 20.09, 'change_recall': 0.0, 'change_precision': 0.0, 'num_pred_acc': 0.0}
[ INFO : 2022-02-14 15:28:33,384 ] - Epoch:  35, LR: 0.0001000,            Training Loss: 0.13192, Dev Stats: {'speech_scored': 344.27, 'speech_miss': 19.3, 'speech_falarm': 8.92, 'speaker_scored': 396.21, 'speaker_miss': 43.79, 'speaker_falarm': 24.09, 'speaker_error': 11.9, 'correct': 351.39, 'diarization_error': 79.78, 'frames': 381.95, 'DER': 20.14, 'change_recall': 0.0, 'change_precision': 0.0, 'num_pred_acc': 0.0}
[ INFO : 2022-02-14 15:28:43,893 ] - Epoch:  36, LR: 0.0001000,            Training Loss: 0.13095, Dev Stats: {'speech_scored': 344.27, 'speech_miss': 19.72, 'speech_falarm': 8.68, 'speaker_scored': 396.21, 'speaker_miss': 44.32, 'speaker_falarm': 23.35, 'speaker_error': 12.16, 'correct': 351.29, 'diarization_error': 79.83, 'frames': 381.95, 'DER': 20.15, 'change_recall': 0.0, 'change_precision': 0.0, 'num_pred_acc': 0.0}
[ INFO : 2022-02-14 15:28:54,458 ] - Epoch:  37, LR: 0.0001000,            Training Loss: 0.13178, Dev Stats: {'speech_scored': 344.27, 'speech_miss': 18.68, 'speech_falarm': 9.8, 'speaker_scored': 396.21, 'speaker_miss': 43.43, 'speaker_falarm': 24.33, 'speaker_error': 12.19, 'correct': 351.23, 'diarization_error': 79.95, 'frames': 381.95, 'DER': 20.18, 'change_recall': 0.0, 'change_precision': 0.0, 'num_pred_acc': 0.0}
[ INFO : 2022-02-14 15:29:05,602 ] - Epoch:  38, LR: 0.0001000,            Training Loss: 0.13182, Dev Stats: {'speech_scored': 344.27, 'speech_miss': 19.87, 'speech_falarm': 8.81, 'speaker_scored': 396.21, 'speaker_miss': 43.9, 'speaker_falarm': 24.72, 'speaker_error': 11.12, 'correct': 351.66, 'diarization_error': 79.75, 'frames': 381.95, 'DER': 20.13, 'change_recall': 0.0, 'change_precision': 0.0, 'num_pred_acc': 0.0}
[ INFO : 2022-02-14 15:29:15,737 ] - Epoch:  39, LR: 0.0001000,            Training Loss: 0.13379, Dev Stats: {'speech_scored': 344.27, 'speech_miss': 20.64, 'speech_falarm': 8.71, 'speaker_scored': 396.21, 'speaker_miss': 46.03, 'speaker_falarm': 22.49, 'speaker_error': 11.83, 'correct': 351.22, 'diarization_error': 80.36, 'frames': 381.95, 'DER': 20.28, 'change_recall': 0.0, 'change_precision': 0.0, 'num_pred_acc': 0.0}
[ INFO : 2022-02-14 15:29:25,431 ] - Epoch:  40, LR: 0.0001000,            Training Loss: 0.13285, Dev Stats: {'speech_scored': 344.27, 'speech_miss': 16.93, 'speech_falarm': 10.86, 'speaker_scored': 396.21, 'speaker_miss': 41.03, 'speaker_falarm': 27.06, 'speaker_error': 12.74, 'correct': 350.76, 'diarization_error': 80.82, 'frames': 381.95, 'DER': 20.4, 'change_recall': 0.0, 'change_precision': 0.0, 'num_pred_acc': 0.0}
[ INFO : 2022-02-14 15:29:35,123 ] - Epoch:  41, LR: 0.0001000,            Training Loss: 0.13018, Dev Stats: {'speech_scored': 344.27, 'speech_miss': 16.18, 'speech_falarm': 11.03, 'speaker_scored': 396.21, 'speaker_miss': 40.7, 'speaker_falarm': 26.17, 'speaker_error': 11.87, 'correct': 351.75, 'diarization_error': 78.74, 'frames': 381.95, 'DER': 19.87, 'change_recall': 0.0, 'change_precision': 0.0, 'num_pred_acc': 0.0}
[ INFO : 2022-02-14 15:29:45,236 ] - Epoch:  42, LR: 0.0001000,            Training Loss: 0.12795, Dev Stats: {'speech_scored': 344.27, 'speech_miss': 16.38, 'speech_falarm': 10.66, 'speaker_scored': 396.21, 'speaker_miss': 40.67, 'speaker_falarm': 26.36, 'speaker_error': 12.0, 'correct': 351.6, 'diarization_error': 79.04, 'frames': 381.95, 'DER': 19.95, 'change_recall': 0.0, 'change_precision': 0.0, 'num_pred_acc': 0.0}
[ INFO : 2022-02-14 15:29:55,803 ] - Epoch:  43, LR: 0.0001000,            Training Loss: 0.12325, Dev Stats: {'speech_scored': 344.27, 'speech_miss': 19.44, 'speech_falarm': 9.22, 'speaker_scored': 396.21, 'speaker_miss': 44.22, 'speaker_falarm': 24.03, 'speaker_error': 11.71, 'correct': 351.39, 'diarization_error': 79.96, 'frames': 381.95, 'DER': 20.18, 'change_recall': 0.0, 'change_precision': 0.0, 'num_pred_acc': 0.0}
[ INFO : 2022-02-14 15:30:06,763 ] - Epoch:  44, LR: 0.0001000,            Training Loss: 0.12249, Dev Stats: {'speech_scored': 344.27, 'speech_miss': 17.12, 'speech_falarm': 10.29, 'speaker_scored': 396.21, 'speaker_miss': 41.06, 'speaker_falarm': 26.26, 'speaker_error': 11.87, 'correct': 351.6, 'diarization_error': 79.19, 'frames': 381.95, 'DER': 19.99, 'change_recall': 0.0, 'change_precision': 0.0, 'num_pred_acc': 0.0}
[ INFO : 2022-02-14 15:30:16,805 ] - Epoch:  45, LR: 0.0001000,            Training Loss: 0.12015, Dev Stats: {'speech_scored': 344.27, 'speech_miss': 19.53, 'speech_falarm': 8.83, 'speaker_scored': 396.21, 'speaker_miss': 43.61, 'speaker_falarm': 24.62, 'speaker_error': 12.01, 'correct': 351.2, 'diarization_error': 80.24, 'frames': 381.95, 'DER': 20.25, 'change_recall': 0.0, 'change_precision': 0.0, 'num_pred_acc': 0.0}
[ INFO : 2022-02-14 15:30:26,679 ] - Epoch:  46, LR: 0.0001000,            Training Loss: 0.12015, Dev Stats: {'speech_scored': 344.27, 'speech_miss': 17.9, 'speech_falarm': 9.77, 'speaker_scored': 396.21, 'speaker_miss': 40.84, 'speaker_falarm': 27.41, 'speaker_error': 12.06, 'correct': 351.16, 'diarization_error': 80.31, 'frames': 381.95, 'DER': 20.27, 'change_recall': 0.0, 'change_precision': 0.0, 'num_pred_acc': 0.0}
[ INFO : 2022-02-14 15:30:36,775 ] - Epoch:  47, LR: 0.0001000,            Training Loss: 0.11870, Dev Stats: {'speech_scored': 344.27, 'speech_miss': 19.47, 'speech_falarm': 8.88, 'speaker_scored': 396.21, 'speaker_miss': 43.52, 'speaker_falarm': 24.45, 'speaker_error': 11.96, 'correct': 351.32, 'diarization_error': 79.93, 'frames': 381.95, 'DER': 20.17, 'change_recall': 0.0, 'change_precision': 0.0, 'num_pred_acc': 0.0}
[ INFO : 2022-02-14 15:30:46,790 ] - Epoch:  48, LR: 0.0001000,            Training Loss: 0.11727, Dev Stats: {'speech_scored': 344.27, 'speech_miss': 18.63, 'speech_falarm': 9.24, 'speaker_scored': 396.21, 'speaker_miss': 42.23, 'speaker_falarm': 25.93, 'speaker_error': 12.14, 'correct': 351.13, 'diarization_error': 80.31, 'frames': 381.95, 'DER': 20.27, 'change_recall': 0.0, 'change_precision': 0.0, 'num_pred_acc': 0.0}
[ INFO : 2022-02-14 15:30:57,043 ] - Epoch:  49, LR: 0.0001000,            Training Loss: 0.11764, Dev Stats: {'speech_scored': 344.27, 'speech_miss': 20.82, 'speech_falarm': 8.52, 'speaker_scored': 396.21, 'speaker_miss': 45.45, 'speaker_falarm': 23.48, 'speaker_error': 11.84, 'correct': 351.08, 'diarization_error': 80.77, 'frames': 381.95, 'DER': 20.38, 'change_recall': 0.0, 'change_precision': 0.0, 'num_pred_acc': 0.0}
[ INFO : 2022-02-14 15:31:08,531 ] - Epoch:  50, LR: 0.0001000,            Training Loss: 0.11548, Dev Stats: {'speech_scored': 344.27, 'speech_miss': 16.68, 'speech_falarm': 10.48, 'speaker_scored': 396.21, 'speaker_miss': 39.86, 'speaker_falarm': 28.29, 'speaker_error': 12.12, 'correct': 351.16, 'diarization_error': 80.26, 'frames': 381.95, 'DER': 20.26, 'change_recall': 0.0, 'change_precision': 0.0, 'num_pred_acc': 0.0}
[ INFO : 2022-02-14 15:31:19,023 ] - Epoch:  51, LR: 0.0001000,            Training Loss: 0.11520, Dev Stats: {'speech_scored': 344.27, 'speech_miss': 18.15, 'speech_falarm': 9.55, 'speaker_scored': 396.21, 'speaker_miss': 42.36, 'speaker_falarm': 25.08, 'speaker_error': 12.13, 'correct': 351.38, 'diarization_error': 79.57, 'frames': 381.95, 'DER': 20.08, 'change_recall': 0.0, 'change_precision': 0.0, 'num_pred_acc': 0.0}
[ INFO : 2022-02-14 15:31:28,893 ] - Epoch:  52, LR: 0.0001000,            Training Loss: 0.11275, Dev Stats: {'speech_scored': 344.27, 'speech_miss': 19.75, 'speech_falarm': 9.32, 'speaker_scored': 396.21, 'speaker_miss': 45.11, 'speaker_falarm': 23.1, 'speaker_error': 12.04, 'correct': 351.19, 'diarization_error': 80.25, 'frames': 381.95, 'DER': 20.25, 'change_recall': 0.0, 'change_precision': 0.0, 'num_pred_acc': 0.0}
[ INFO : 2022-02-14 15:31:39,226 ] - Epoch:  53, LR: 0.0001000,            Training Loss: 0.11274, Dev Stats: {'speech_scored': 344.27, 'speech_miss': 17.55, 'speech_falarm': 10.25, 'speaker_scored': 396.21, 'speaker_miss': 41.23, 'speaker_falarm': 26.56, 'speaker_error': 12.32, 'correct': 351.14, 'diarization_error': 80.11, 'frames': 381.95, 'DER': 20.22, 'change_recall': 0.0, 'change_precision': 0.0, 'num_pred_acc': 0.0}
[ INFO : 2022-02-14 15:31:48,980 ] - Epoch:  54, LR: 0.0001000,            Training Loss: 0.11234, Dev Stats: {'speech_scored': 344.27, 'speech_miss': 15.58, 'speech_falarm': 11.23, 'speaker_scored': 396.21, 'speaker_miss': 38.85, 'speaker_falarm': 28.25, 'speaker_error': 12.45, 'correct': 351.28, 'diarization_error': 79.55, 'frames': 381.95, 'DER': 20.08, 'change_recall': 0.0, 'change_precision': 0.0, 'num_pred_acc': 0.0}
[ INFO : 2022-02-14 15:31:58,992 ] - Epoch:  55, LR: 0.0001000,            Training Loss: 0.11288, Dev Stats: {'speech_scored': 344.27, 'speech_miss': 15.41, 'speech_falarm': 11.5, 'speaker_scored': 396.21, 'speaker_miss': 38.98, 'speaker_falarm': 28.21, 'speaker_error': 12.4, 'correct': 351.29, 'diarization_error': 79.59, 'frames': 381.95, 'DER': 20.09, 'change_recall': 0.0, 'change_precision': 0.0, 'num_pred_acc': 0.0}
[ INFO : 2022-02-14 15:32:08,965 ] - Epoch:  56, LR: 0.0001000,            Training Loss: 0.11080, Dev Stats: {'speech_scored': 344.27, 'speech_miss': 17.92, 'speech_falarm': 10.25, 'speaker_scored': 396.21, 'speaker_miss': 42.61, 'speaker_falarm': 24.85, 'speaker_error': 12.01, 'correct': 351.46, 'diarization_error': 79.46, 'frames': 381.95, 'DER': 20.06, 'change_recall': 0.0, 'change_precision': 0.0, 'num_pred_acc': 0.0}
[ INFO : 2022-02-14 15:32:18,614 ] - Epoch:  57, LR: 0.0001000,            Training Loss: 0.10910, Dev Stats: {'speech_scored': 344.27, 'speech_miss': 17.75, 'speech_falarm': 9.89, 'speaker_scored': 396.21, 'speaker_miss': 41.58, 'speaker_falarm': 26.38, 'speaker_error': 12.61, 'correct': 350.89, 'diarization_error': 80.58, 'frames': 381.95, 'DER': 20.34, 'change_recall': 0.0, 'change_precision': 0.0, 'num_pred_acc': 0.0}
[ INFO : 2022-02-14 15:32:28,465 ] - Epoch:  58, LR: 0.0001000,            Training Loss: 0.10853, Dev Stats: {'speech_scored': 344.27, 'speech_miss': 18.08, 'speech_falarm': 9.88, 'speaker_scored': 396.21, 'speaker_miss': 41.92, 'speaker_falarm': 26.46, 'speaker_error': 12.24, 'correct': 351.0, 'diarization_error': 80.62, 'frames': 381.95, 'DER': 20.35, 'change_recall': 0.0, 'change_precision': 0.0, 'num_pred_acc': 0.0}
[ INFO : 2022-02-14 15:32:38,818 ] - Epoch:  59, LR: 0.0001000,            Training Loss: 0.10796, Dev Stats: {'speech_scored': 344.27, 'speech_miss': 18.58, 'speech_falarm': 9.84, 'speaker_scored': 396.21, 'speaker_miss': 43.05, 'speaker_falarm': 25.3, 'speaker_error': 12.44, 'correct': 350.87, 'diarization_error': 80.79, 'frames': 381.95, 'DER': 20.39, 'change_recall': 0.0, 'change_precision': 0.0, 'num_pred_acc': 0.0}
[ INFO : 2022-02-14 15:32:48,610 ] - Epoch:  60, LR: 0.0001000,            Training Loss: 0.10597, Dev Stats: {'speech_scored': 344.27, 'speech_miss': 18.51, 'speech_falarm': 10.05, 'speaker_scored': 396.21, 'speaker_miss': 43.07, 'speaker_falarm': 25.15, 'speaker_error': 12.32, 'correct': 350.99, 'diarization_error': 80.55, 'frames': 381.95, 'DER': 20.33, 'change_recall': 0.0, 'change_precision': 0.0, 'num_pred_acc': 0.0}
[ INFO : 2022-02-14 15:32:58,116 ] - Epoch:  61, LR: 0.0001000,            Training Loss: 0.10431, Dev Stats: {'speech_scored': 344.27, 'speech_miss': 18.16, 'speech_falarm': 9.95, 'speaker_scored': 396.21, 'speaker_miss': 42.15, 'speaker_falarm': 26.0, 'speaker_error': 12.13, 'correct': 351.15, 'diarization_error': 80.27, 'frames': 381.95, 'DER': 20.26, 'change_recall': 0.0, 'change_precision': 0.0, 'num_pred_acc': 0.0}
[ INFO : 2022-02-14 15:33:08,622 ] - Epoch:  62, LR: 0.0001000,            Training Loss: 0.10466, Dev Stats: {'speech_scored': 344.27, 'speech_miss': 16.27, 'speech_falarm': 10.78, 'speaker_scored': 396.21, 'speaker_miss': 39.51, 'speaker_falarm': 28.61, 'speaker_error': 12.63, 'correct': 350.83, 'diarization_error': 80.74, 'frames': 381.95, 'DER': 20.38, 'change_recall': 0.0, 'change_precision': 0.0, 'num_pred_acc': 0.0}
[ INFO : 2022-02-14 15:33:17,871 ] - Epoch:  63, LR: 0.0001000,            Training Loss: 0.10379, Dev Stats: {'speech_scored': 344.27, 'speech_miss': 16.67, 'speech_falarm': 10.95, 'speaker_scored': 396.21, 'speaker_miss': 40.71, 'speaker_falarm': 27.2, 'speaker_error': 12.32, 'correct': 351.1, 'diarization_error': 80.24, 'frames': 381.95, 'DER': 20.25, 'change_recall': 0.0, 'change_precision': 0.0, 'num_pred_acc': 0.0}
[ INFO : 2022-02-14 15:33:27,595 ] - Epoch:  64, LR: 0.0001000,            Training Loss: 0.10333, Dev Stats: {'speech_scored': 344.27, 'speech_miss': 16.64, 'speech_falarm': 11.2, 'speaker_scored': 396.21, 'speaker_miss': 41.29, 'speaker_falarm': 26.48, 'speaker_error': 12.83, 'correct': 350.81, 'diarization_error': 80.6, 'frames': 381.95, 'DER': 20.34, 'change_recall': 0.0, 'change_precision': 0.0, 'num_pred_acc': 0.0}
[ INFO : 2022-02-14 15:33:37,516 ] - Epoch:  65, LR: 0.0001000,            Training Loss: 0.10138, Dev Stats: {'speech_scored': 344.27, 'speech_miss': 18.0, 'speech_falarm': 9.82, 'speaker_scored': 396.21, 'speaker_miss': 41.54, 'speaker_falarm': 26.63, 'speaker_error': 12.57, 'correct': 350.85, 'diarization_error': 80.74, 'frames': 381.95, 'DER': 20.38, 'change_recall': 0.0, 'change_precision': 0.0, 'num_pred_acc': 0.0}
[ INFO : 2022-02-14 15:33:47,511 ] - Epoch:  66, LR: 0.0001000,            Training Loss: 0.10132, Dev Stats: {'speech_scored': 344.27, 'speech_miss': 17.99, 'speech_falarm': 10.1, 'speaker_scored': 396.21, 'speaker_miss': 41.77, 'speaker_falarm': 26.32, 'speaker_error': 12.61, 'correct': 350.85, 'diarization_error': 80.69, 'frames': 381.95, 'DER': 20.37, 'change_recall': 0.0, 'change_precision': 0.0, 'num_pred_acc': 0.0}
[ INFO : 2022-02-14 15:33:56,961 ] - Epoch:  67, LR: 0.0001000,            Training Loss: 0.10009, Dev Stats: {'speech_scored': 344.27, 'speech_miss': 16.91, 'speech_falarm': 10.51, 'speaker_scored': 396.21, 'speaker_miss': 40.74, 'speaker_falarm': 27.02, 'speaker_error': 12.36, 'correct': 351.12, 'diarization_error': 80.12, 'frames': 381.95, 'DER': 20.22, 'change_recall': 0.0, 'change_precision': 0.0, 'num_pred_acc': 0.0}
[ INFO : 2022-02-14 15:34:06,933 ] - Epoch:  68, LR: 0.0001000,            Training Loss: 0.09985, Dev Stats: {'speech_scored': 344.27, 'speech_miss': 17.79, 'speech_falarm': 10.29, 'speaker_scored': 396.21, 'speaker_miss': 41.13, 'speaker_falarm': 27.37, 'speaker_error': 12.17, 'correct': 351.0, 'diarization_error': 80.67, 'frames': 381.95, 'DER': 20.36, 'change_recall': 0.0, 'change_precision': 0.0, 'num_pred_acc': 0.0}
[ INFO : 2022-02-14 15:34:17,373 ] - Epoch:  69, LR: 0.0001000,            Training Loss: 0.09903, Dev Stats: {'speech_scored': 344.27, 'speech_miss': 19.84, 'speech_falarm': 9.43, 'speaker_scored': 396.21, 'speaker_miss': 44.27, 'speaker_falarm': 24.62, 'speaker_error': 12.4, 'correct': 350.72, 'diarization_error': 81.29, 'frames': 381.95, 'DER': 20.52, 'change_recall': 0.0, 'change_precision': 0.0, 'num_pred_acc': 0.0}
[ INFO : 2022-02-14 15:34:27,154 ] - Epoch:  70, LR: 0.0001000,            Training Loss: 0.09858, Dev Stats: {'speech_scored': 344.27, 'speech_miss': 18.05, 'speech_falarm': 9.91, 'speaker_scored': 396.21, 'speaker_miss': 42.18, 'speaker_falarm': 25.48, 'speaker_error': 12.35, 'correct': 351.16, 'diarization_error': 80.01, 'frames': 381.95, 'DER': 20.19, 'change_recall': 0.0, 'change_precision': 0.0, 'num_pred_acc': 0.0}
[ INFO : 2022-02-14 15:34:37,341 ] - Epoch:  71, LR: 0.0001000,            Training Loss: 0.09787, Dev Stats: {'speech_scored': 344.27, 'speech_miss': 20.78, 'speech_falarm': 8.66, 'speaker_scored': 396.21, 'speaker_miss': 45.1, 'speaker_falarm': 24.41, 'speaker_error': 12.27, 'correct': 350.6, 'diarization_error': 81.77, 'frames': 381.95, 'DER': 20.64, 'change_recall': 0.0, 'change_precision': 0.0, 'num_pred_acc': 0.0}
[ INFO : 2022-02-14 15:34:47,757 ] - Epoch:  72, LR: 0.0001000,            Training Loss: 0.09829, Dev Stats: {'speech_scored': 344.27, 'speech_miss': 19.84, 'speech_falarm': 9.06, 'speaker_scored': 396.21, 'speaker_miss': 44.36, 'speaker_falarm': 24.29, 'speaker_error': 12.23, 'correct': 350.91, 'diarization_error': 80.88, 'frames': 381.95, 'DER': 20.41, 'change_recall': 0.0, 'change_precision': 0.0, 'num_pred_acc': 0.0}
[ INFO : 2022-02-14 15:34:58,167 ] - Epoch:  73, LR: 0.0001000,            Training Loss: 0.09740, Dev Stats: {'speech_scored': 344.27, 'speech_miss': 18.52, 'speech_falarm': 9.84, 'speaker_scored': 396.21, 'speaker_miss': 41.61, 'speaker_falarm': 27.46, 'speaker_error': 12.12, 'correct': 350.84, 'diarization_error': 81.2, 'frames': 381.95, 'DER': 20.49, 'change_recall': 0.0, 'change_precision': 0.0, 'num_pred_acc': 0.0}
[ INFO : 2022-02-14 15:35:08,527 ] - Epoch:  74, LR: 0.0001000,            Training Loss: 0.09516, Dev Stats: {'speech_scored': 344.27, 'speech_miss': 17.82, 'speech_falarm': 10.15, 'speaker_scored': 396.21, 'speaker_miss': 41.03, 'speaker_falarm': 27.0, 'speaker_error': 12.16, 'correct': 351.16, 'diarization_error': 80.2, 'frames': 381.95, 'DER': 20.24, 'change_recall': 0.0, 'change_precision': 0.0, 'num_pred_acc': 0.0}
[ INFO : 2022-02-14 15:35:18,275 ] - Epoch:  75, LR: 0.0001000,            Training Loss: 0.09479, Dev Stats: {'speech_scored': 344.27, 'speech_miss': 19.36, 'speech_falarm': 9.19, 'speaker_scored': 396.21, 'speaker_miss': 42.83, 'speaker_falarm': 25.82, 'speaker_error': 11.85, 'correct': 351.17, 'diarization_error': 80.5, 'frames': 381.95, 'DER': 20.32, 'change_recall': 0.0, 'change_precision': 0.0, 'num_pred_acc': 0.0}
[ INFO : 2022-02-14 15:35:28,210 ] - Epoch:  76, LR: 0.0001000,            Training Loss: 0.09463, Dev Stats: {'speech_scored': 344.27, 'speech_miss': 19.3, 'speech_falarm': 9.52, 'speaker_scored': 396.21, 'speaker_miss': 43.76, 'speaker_falarm': 24.78, 'speaker_error': 12.3, 'correct': 350.9, 'diarization_error': 80.84, 'frames': 381.95, 'DER': 20.4, 'change_recall': 0.0, 'change_precision': 0.0, 'num_pred_acc': 0.0}
[ INFO : 2022-02-14 15:35:38,236 ] - Epoch:  77, LR: 0.0001000,            Training Loss: 0.09414, Dev Stats: {'speech_scored': 344.27, 'speech_miss': 17.54, 'speech_falarm': 10.63, 'speaker_scored': 396.21, 'speaker_miss': 41.2, 'speaker_falarm': 27.37, 'speaker_error': 12.78, 'correct': 350.57, 'diarization_error': 81.34, 'frames': 381.95, 'DER': 20.53, 'change_recall': 0.0, 'change_precision': 0.0, 'num_pred_acc': 0.0}
[ INFO : 2022-02-14 15:35:48,266 ] - Epoch:  78, LR: 0.0001000,            Training Loss: 0.09339, Dev Stats: {'speech_scored': 344.27, 'speech_miss': 17.9, 'speech_falarm': 10.46, 'speaker_scored': 396.21, 'speaker_miss': 41.84, 'speaker_falarm': 26.58, 'speaker_error': 12.76, 'correct': 350.64, 'diarization_error': 81.17, 'frames': 381.95, 'DER': 20.49, 'change_recall': 0.0, 'change_precision': 0.0, 'num_pred_acc': 0.0}
[ INFO : 2022-02-14 15:35:57,983 ] - Epoch:  79, LR: 0.0001000,            Training Loss: 0.09122, Dev Stats: {'speech_scored': 344.27, 'speech_miss': 18.73, 'speech_falarm': 9.67, 'speaker_scored': 396.21, 'speaker_miss': 43.24, 'speaker_falarm': 24.45, 'speaker_error': 12.44, 'correct': 351.09, 'diarization_error': 80.13, 'frames': 381.95, 'DER': 20.23, 'change_recall': 0.0, 'change_precision': 0.0, 'num_pred_acc': 0.0}
[ INFO : 2022-02-14 15:36:07,942 ] - Epoch:  80, LR: 0.0001000,            Training Loss: 0.09172, Dev Stats: {'speech_scored': 344.27, 'speech_miss': 19.14, 'speech_falarm': 9.71, 'speaker_scored': 396.21, 'speaker_miss': 42.7, 'speaker_falarm': 26.01, 'speaker_error': 12.07, 'correct': 351.0, 'diarization_error': 80.79, 'frames': 381.95, 'DER': 20.39, 'change_recall': 0.0, 'change_precision': 0.0, 'num_pred_acc': 0.0}
[ INFO : 2022-02-14 15:36:17,877 ] - Epoch:  81, LR: 0.0001000,            Training Loss: 0.08938, Dev Stats: {'speech_scored': 344.27, 'speech_miss': 17.44, 'speech_falarm': 10.39, 'speaker_scored': 396.21, 'speaker_miss': 40.84, 'speaker_falarm': 27.13, 'speaker_error': 12.03, 'correct': 351.28, 'diarization_error': 80.0, 'frames': 381.95, 'DER': 20.19, 'change_recall': 0.0, 'change_precision': 0.0, 'num_pred_acc': 0.0}
[ INFO : 2022-02-14 15:36:28,132 ] - Epoch:  82, LR: 0.0001000,            Training Loss: 0.09060, Dev Stats: {'speech_scored': 344.27, 'speech_miss': 18.69, 'speech_falarm': 9.93, 'speaker_scored': 396.21, 'speaker_miss': 42.92, 'speaker_falarm': 25.29, 'speaker_error': 12.2, 'correct': 351.08, 'diarization_error': 80.41, 'frames': 381.95, 'DER': 20.3, 'change_recall': 0.0, 'change_precision': 0.0, 'num_pred_acc': 0.0}
[ INFO : 2022-02-14 15:36:38,101 ] - Epoch:  83, LR: 0.0001000,            Training Loss: 0.08838, Dev Stats: {'speech_scored': 344.27, 'speech_miss': 20.77, 'speech_falarm': 9.14, 'speaker_scored': 396.21, 'speaker_miss': 45.77, 'speaker_falarm': 23.24, 'speaker_error': 12.35, 'correct': 350.71, 'diarization_error': 81.36, 'frames': 381.95, 'DER': 20.53, 'change_recall': 0.0, 'change_precision': 0.0, 'num_pred_acc': 0.0}
[ INFO : 2022-02-14 15:36:48,069 ] - Epoch:  84, LR: 0.0001000,            Training Loss: 0.08882, Dev Stats: {'speech_scored': 344.27, 'speech_miss': 20.15, 'speech_falarm': 9.44, 'speaker_scored': 396.21, 'speaker_miss': 44.5, 'speaker_falarm': 24.5, 'speaker_error': 12.48, 'correct': 350.63, 'diarization_error': 81.47, 'frames': 381.95, 'DER': 20.56, 'change_recall': 0.0, 'change_precision': 0.0, 'num_pred_acc': 0.0}
[ INFO : 2022-02-14 15:36:57,719 ] - Epoch:  85, LR: 0.0001000,            Training Loss: 0.08791, Dev Stats: {'speech_scored': 344.27, 'speech_miss': 17.46, 'speech_falarm': 10.66, 'speaker_scored': 396.21, 'speaker_miss': 41.19, 'speaker_falarm': 27.15, 'speaker_error': 12.79, 'correct': 350.64, 'diarization_error': 81.13, 'frames': 381.95, 'DER': 20.48, 'change_recall': 0.0, 'change_precision': 0.0, 'num_pred_acc': 0.0}
[ INFO : 2022-02-14 15:37:07,872 ] - Epoch:  86, LR: 0.0001000,            Training Loss: 0.08795, Dev Stats: {'speech_scored': 344.27, 'speech_miss': 17.2, 'speech_falarm': 11.15, 'speaker_scored': 396.21, 'speaker_miss': 41.17, 'speaker_falarm': 27.35, 'speaker_error': 13.06, 'correct': 350.4, 'diarization_error': 81.58, 'frames': 381.95, 'DER': 20.59, 'change_recall': 0.0, 'change_precision': 0.0, 'num_pred_acc': 0.0}
[ INFO : 2022-02-14 15:37:18,188 ] - Epoch:  87, LR: 0.0001000,            Training Loss: 0.08679, Dev Stats: {'speech_scored': 344.27, 'speech_miss': 18.33, 'speech_falarm': 10.37, 'speaker_scored': 396.21, 'speaker_miss': 43.14, 'speaker_falarm': 25.53, 'speaker_error': 12.72, 'correct': 350.58, 'diarization_error': 81.39, 'frames': 381.95, 'DER': 20.54, 'change_recall': 0.0, 'change_precision': 0.0, 'num_pred_acc': 0.0}
[ INFO : 2022-02-14 15:37:28,439 ] - Epoch:  88, LR: 0.0001000,            Training Loss: 0.08536, Dev Stats: {'speech_scored': 344.27, 'speech_miss': 19.41, 'speech_falarm': 9.6, 'speaker_scored': 396.21, 'speaker_miss': 43.93, 'speaker_falarm': 24.49, 'speaker_error': 12.46, 'correct': 350.84, 'diarization_error': 80.87, 'frames': 381.95, 'DER': 20.41, 'change_recall': 0.0, 'change_precision': 0.0, 'num_pred_acc': 0.0}
[ INFO : 2022-02-14 15:37:38,512 ] - Epoch:  89, LR: 0.0001000,            Training Loss: 0.08540, Dev Stats: {'speech_scored': 344.27, 'speech_miss': 19.3, 'speech_falarm': 9.57, 'speaker_scored': 396.21, 'speaker_miss': 43.69, 'speaker_falarm': 24.74, 'speaker_error': 12.68, 'correct': 350.69, 'diarization_error': 81.1, 'frames': 381.95, 'DER': 20.47, 'change_recall': 0.0, 'change_precision': 0.0, 'num_pred_acc': 0.0}
[ INFO : 2022-02-14 15:37:48,492 ] - Epoch:  90, LR: 0.0001000,            Training Loss: 0.08563, Dev Stats: {'speech_scored': 344.27, 'speech_miss': 16.5, 'speech_falarm': 11.13, 'speaker_scored': 396.21, 'speaker_miss': 40.38, 'speaker_falarm': 27.31, 'speaker_error': 13.22, 'correct': 350.57, 'diarization_error': 80.91, 'frames': 381.95, 'DER': 20.42, 'change_recall': 0.0, 'change_precision': 0.0, 'num_pred_acc': 0.0}
[ INFO : 2022-02-14 15:37:58,828 ] - Epoch:  91, LR: 0.0001000,            Training Loss: 0.08415, Dev Stats: {'speech_scored': 344.27, 'speech_miss': 17.81, 'speech_falarm': 10.89, 'speaker_scored': 396.21, 'speaker_miss': 41.82, 'speaker_falarm': 26.92, 'speaker_error': 12.79, 'correct': 350.51, 'diarization_error': 81.52, 'frames': 381.95, 'DER': 20.58, 'change_recall': 0.0, 'change_precision': 0.0, 'num_pred_acc': 0.0}
[ INFO : 2022-02-14 15:38:09,033 ] - Epoch:  92, LR: 0.0001000,            Training Loss: 0.08409, Dev Stats: {'speech_scored': 344.27, 'speech_miss': 16.52, 'speech_falarm': 11.08, 'speaker_scored': 396.21, 'speaker_miss': 39.62, 'speaker_falarm': 28.36, 'speaker_error': 13.13, 'correct': 350.54, 'diarization_error': 81.12, 'frames': 381.95, 'DER': 20.47, 'change_recall': 0.0, 'change_precision': 0.0, 'num_pred_acc': 0.0}
[ INFO : 2022-02-14 15:38:19,850 ] - Epoch:  93, LR: 0.0001000,            Training Loss: 0.08341, Dev Stats: {'speech_scored': 344.27, 'speech_miss': 17.92, 'speech_falarm': 10.68, 'speaker_scored': 396.21, 'speaker_miss': 42.18, 'speaker_falarm': 25.91, 'speaker_error': 12.5, 'correct': 350.92, 'diarization_error': 80.59, 'frames': 381.95, 'DER': 20.34, 'change_recall': 0.0, 'change_precision': 0.0, 'num_pred_acc': 0.0}
[ INFO : 2022-02-14 15:38:29,372 ] - Epoch:  94, LR: 0.0001000,            Training Loss: 0.08290, Dev Stats: {'speech_scored': 344.27, 'speech_miss': 18.97, 'speech_falarm': 9.48, 'speaker_scored': 396.21, 'speaker_miss': 43.28, 'speaker_falarm': 24.91, 'speaker_error': 12.58, 'correct': 350.83, 'diarization_error': 80.77, 'frames': 381.95, 'DER': 20.39, 'change_recall': 0.0, 'change_precision': 0.0, 'num_pred_acc': 0.0}
[ INFO : 2022-02-14 15:38:39,164 ] - Epoch:  95, LR: 0.0001000,            Training Loss: 0.08235, Dev Stats: {'speech_scored': 344.27, 'speech_miss': 18.7, 'speech_falarm': 9.93, 'speaker_scored': 396.21, 'speaker_miss': 42.25, 'speaker_falarm': 26.61, 'speaker_error': 12.74, 'correct': 350.5, 'diarization_error': 81.6, 'frames': 381.95, 'DER': 20.6, 'change_recall': 0.0, 'change_precision': 0.0, 'num_pred_acc': 0.0}
[ INFO : 2022-02-14 15:38:48,586 ] - Epoch:  96, LR: 0.0001000,            Training Loss: 0.08090, Dev Stats: {'speech_scored': 344.27, 'speech_miss': 16.67, 'speech_falarm': 11.3, 'speaker_scored': 396.21, 'speaker_miss': 39.71, 'speaker_falarm': 29.11, 'speaker_error': 13.35, 'correct': 350.11, 'diarization_error': 82.18, 'frames': 381.95, 'DER': 20.74, 'change_recall': 0.0, 'change_precision': 0.0, 'num_pred_acc': 0.0}
[ INFO : 2022-02-14 15:38:58,319 ] - Epoch:  97, LR: 0.0001000,            Training Loss: 0.08070, Dev Stats: {'speech_scored': 344.27, 'speech_miss': 21.15, 'speech_falarm': 8.74, 'speaker_scored': 396.21, 'speaker_miss': 46.01, 'speaker_falarm': 23.25, 'speaker_error': 12.54, 'correct': 350.5, 'diarization_error': 81.8, 'frames': 381.95, 'DER': 20.65, 'change_recall': 0.0, 'change_precision': 0.0, 'num_pred_acc': 0.0}
[ INFO : 2022-02-14 15:39:08,238 ] - Epoch:  98, LR: 0.0001000,            Training Loss: 0.08116, Dev Stats: {'speech_scored': 344.27, 'speech_miss': 17.54, 'speech_falarm': 10.83, 'speaker_scored': 396.21, 'speaker_miss': 41.75, 'speaker_falarm': 26.74, 'speaker_error': 12.64, 'correct': 350.69, 'diarization_error': 81.13, 'frames': 381.95, 'DER': 20.48, 'change_recall': 0.0, 'change_precision': 0.0, 'num_pred_acc': 0.0}
[ INFO : 2022-02-14 15:39:18,107 ] - Epoch:  99, LR: 0.0001000,            Training Loss: 0.08028, Dev Stats: {'speech_scored': 344.27, 'speech_miss': 19.84, 'speech_falarm': 9.97, 'speaker_scored': 396.21, 'speaker_miss': 43.35, 'speaker_falarm': 26.77, 'speaker_error': 12.98, 'correct': 349.92, 'diarization_error': 83.1, 'frames': 381.95, 'DER': 20.97, 'change_recall': 0.0, 'change_precision': 0.0, 'num_pred_acc': 0.0}
[ INFO : 2022-02-14 15:39:28,084 ] - Epoch: 100, LR: 0.0001000,            Training Loss: 0.07980, Dev Stats: {'speech_scored': 344.27, 'speech_miss': 18.51, 'speech_falarm': 10.3, 'speaker_scored': 396.21, 'speaker_miss': 42.7, 'speaker_falarm': 26.4, 'speaker_error': 13.03, 'correct': 350.23, 'diarization_error': 82.13, 'frames': 381.95, 'DER': 20.73, 'change_recall': 0.0, 'change_precision': 0.0, 'num_pred_acc': 0.0}
[ INFO : 2022-02-14 15:39:28,278 ] - Finished!
