[ INFO : 2022-03-24 20:04:11,505 ] - namespace(config=[<yamlargparse.Path object at 0x7ff2723bf7c0>], config2=[<yamlargparse.Path object at 0x7ff2723c7370>], feature_config=[<yamlargparse.Path object at 0x7ff2723c74f0>], train_data_dir='data/callhome/eval/callhome1_spk23', valid_data_dir='data/callhome/eval/callhome2_spk3', model_save_dir='exp/LibriSpeech_3/EDA_UC/gradclip_5_batchsize_32_num_frames_500_adam_lr_1e-5_noam_warmup_steps_100000/adapt_callhome_3/gradclip_5_batchsize_32_num_frames_500_adam_lr_1e-5/models', model_type='EDA_UC', initmodel='exp/LibriSpeech_3/EDA_UC/gradclip_5_batchsize_32_num_frames_500_adam_lr_1e-5_noam_warmup_steps_100000/models/avg.th', resume=0, gpu=2, max_epochs=100, input_transform='logmel23_mn', lr=1e-05, optimizer='adam', num_speakers=3, gradclip=5, num_frames=500, batchsize=32, label_delay=0, hidden_size=256, in_size=345, rnn_cell='LSTM', chunk_size=50, shuffle_rate=0.0, inherit_from=None, loss_factor=None, context_size=7, subsampling=10, frame_size=200, frame_shift=80, sampling_rate=8000, noam_warmup_steps=100000, transformer_encoder_n_heads=4, transformer_encoder_n_layers=4, transformer_encoder_dropout=0.1, gradient_accumulation_steps=1, seed=777)
[ INFO : 2022-03-24 20:04:16,581 ] - Prepared model
[ INFO : 2022-03-24 20:04:16,582 ] - DataParallel(
  (module): EDA_UC(
    (encoder): Linear(in_features=345, out_features=256, bias=True)
    (encoder_norm): LayerNorm((256,), eps=1e-05, elementwise_affine=True)
    (transformer_encoder): TransformerEncoder(
      (layers): ModuleList(
        (0): TransformerEncoderLayer(
          (self_attn): MultiheadAttention(
            (out_proj): NonDynamicallyQuantizableLinear(in_features=256, out_features=256, bias=True)
          )
          (linear1): Linear(in_features=256, out_features=2048, bias=True)
          (dropout): Dropout(p=0.1, inplace=False)
          (linear2): Linear(in_features=2048, out_features=256, bias=True)
          (norm1): LayerNorm((256,), eps=1e-05, elementwise_affine=True)
          (norm2): LayerNorm((256,), eps=1e-05, elementwise_affine=True)
          (dropout1): Dropout(p=0.1, inplace=False)
          (dropout2): Dropout(p=0.1, inplace=False)
        )
        (1): TransformerEncoderLayer(
          (self_attn): MultiheadAttention(
            (out_proj): NonDynamicallyQuantizableLinear(in_features=256, out_features=256, bias=True)
          )
          (linear1): Linear(in_features=256, out_features=2048, bias=True)
          (dropout): Dropout(p=0.1, inplace=False)
          (linear2): Linear(in_features=2048, out_features=256, bias=True)
          (norm1): LayerNorm((256,), eps=1e-05, elementwise_affine=True)
          (norm2): LayerNorm((256,), eps=1e-05, elementwise_affine=True)
          (dropout1): Dropout(p=0.1, inplace=False)
          (dropout2): Dropout(p=0.1, inplace=False)
        )
        (2): TransformerEncoderLayer(
          (self_attn): MultiheadAttention(
            (out_proj): NonDynamicallyQuantizableLinear(in_features=256, out_features=256, bias=True)
          )
          (linear1): Linear(in_features=256, out_features=2048, bias=True)
          (dropout): Dropout(p=0.1, inplace=False)
          (linear2): Linear(in_features=2048, out_features=256, bias=True)
          (norm1): LayerNorm((256,), eps=1e-05, elementwise_affine=True)
          (norm2): LayerNorm((256,), eps=1e-05, elementwise_affine=True)
          (dropout1): Dropout(p=0.1, inplace=False)
          (dropout2): Dropout(p=0.1, inplace=False)
        )
        (3): TransformerEncoderLayer(
          (self_attn): MultiheadAttention(
            (out_proj): NonDynamicallyQuantizableLinear(in_features=256, out_features=256, bias=True)
          )
          (linear1): Linear(in_features=256, out_features=2048, bias=True)
          (dropout): Dropout(p=0.1, inplace=False)
          (linear2): Linear(in_features=2048, out_features=256, bias=True)
          (norm1): LayerNorm((256,), eps=1e-05, elementwise_affine=True)
          (norm2): LayerNorm((256,), eps=1e-05, elementwise_affine=True)
          (dropout1): Dropout(p=0.1, inplace=False)
          (dropout2): Dropout(p=0.1, inplace=False)
        )
      )
    )
    (decoder): eda_spk_extractor(
      (rnn_encoder): LSTM(256, 256, batch_first=True)
      (attractor): LSTM(256, 256, batch_first=True)
      (discriminator): Sequential(
        (0): Linear(in_features=256, out_features=1, bias=True)
        (1): Sigmoid()
      )
      (project): Linear(in_features=256, out_features=256, bias=True)
      (dropout): Dropout(p=0.1, inplace=False)
    )
    (spk_emb_extractor): TransformerDecoder(
      (layers): ModuleList(
        (0): TransformerDecoderLayer(
          (self_attn): MultiheadAttention(
            (out_proj): NonDynamicallyQuantizableLinear(in_features=256, out_features=256, bias=True)
          )
          (multihead_attn): MultiheadAttention(
            (out_proj): NonDynamicallyQuantizableLinear(in_features=256, out_features=256, bias=True)
          )
          (linear1): Linear(in_features=256, out_features=2048, bias=True)
          (dropout): Dropout(p=0.1, inplace=False)
          (linear2): Linear(in_features=2048, out_features=256, bias=True)
          (norm1): LayerNorm((256,), eps=1e-05, elementwise_affine=True)
          (norm2): LayerNorm((256,), eps=1e-05, elementwise_affine=True)
          (norm3): LayerNorm((256,), eps=1e-05, elementwise_affine=True)
          (dropout1): Dropout(p=0.1, inplace=False)
          (dropout2): Dropout(p=0.1, inplace=False)
          (dropout3): Dropout(p=0.1, inplace=False)
        )
      )
    )
  )
)
[ INFO : 2022-03-24 20:04:16,585 ] - Load model from exp/LibriSpeech_3/EDA_UC/gradclip_5_batchsize_32_num_frames_500_adam_lr_1e-5_noam_warmup_steps_100000/models/avg.th
[ INFO : 2022-03-24 20:04:51,340 ] - Epoch:   1, LR: 0.0000100,            Training Loss: 0.44811/0.40345/0.27164/0.39443/0.08724, Dev Stats: {'speech_scored': 367.97, 'speech_miss': 23.49, 'speech_falarm': 31.72, 'speaker_scored': 425.85, 'speaker_miss': 41.69, 'speaker_falarm': 128.47, 'speaker_error': 48.74, 'correct': 320.28, 'diarization_error': 218.89, 'frames': 409.49, 'DER': 51.4, 'change_recall': 0.0, 'change_precision': 0.0, 'num_pred_acc': 0.0}
[ INFO : 2022-03-24 20:05:24,148 ] - Epoch:   2, LR: 0.0000100,            Training Loss: 0.36946/0.34124/0.26882/0.31161/0.07842, Dev Stats: {'speech_scored': 367.97, 'speech_miss': 21.66, 'speech_falarm': 30.53, 'speaker_scored': 425.85, 'speaker_miss': 45.97, 'speaker_falarm': 91.18, 'speaker_error': 48.42, 'correct': 331.49, 'diarization_error': 185.57, 'frames': 409.49, 'DER': 43.58, 'change_recall': 0.0, 'change_precision': 0.0, 'num_pred_acc': 0.0}
[ INFO : 2022-03-24 20:05:53,522 ] - Epoch:   3, LR: 0.0000100,            Training Loss: 0.31602/0.30580/0.27326/0.27567/0.07356, Dev Stats: {'speech_scored': 367.97, 'speech_miss': 23.6, 'speech_falarm': 27.27, 'speaker_scored': 425.85, 'speaker_miss': 52.04, 'speaker_falarm': 73.93, 'speaker_error': 43.88, 'correct': 338.24, 'diarization_error': 169.85, 'frames': 409.49, 'DER': 39.89, 'change_recall': 0.0, 'change_precision': 0.0, 'num_pred_acc': 0.0}
[ INFO : 2022-03-24 20:06:23,839 ] - Epoch:   4, LR: 0.0000100,            Training Loss: 0.27398/0.29232/0.25865/0.25574/0.07097, Dev Stats: {'speech_scored': 367.97, 'speech_miss': 22.2, 'speech_falarm': 25.12, 'speaker_scored': 425.85, 'speaker_miss': 51.42, 'speaker_falarm': 63.99, 'speaker_error': 45.29, 'correct': 340.83, 'diarization_error': 160.69, 'frames': 409.49, 'DER': 37.73, 'change_recall': 0.0, 'change_precision': 0.0, 'num_pred_acc': 0.0}
[ INFO : 2022-03-24 20:06:53,967 ] - Epoch:   5, LR: 0.0000100,            Training Loss: 0.25821/0.28308/0.26547/0.24546/0.07018, Dev Stats: {'speech_scored': 367.97, 'speech_miss': 25.82, 'speech_falarm': 23.59, 'speaker_scored': 425.85, 'speaker_miss': 56.78, 'speaker_falarm': 57.59, 'speaker_error': 43.26, 'correct': 342.52, 'diarization_error': 157.64, 'frames': 409.49, 'DER': 37.02, 'change_recall': 0.0, 'change_precision': 0.0, 'num_pred_acc': 0.0}
[ INFO : 2022-03-24 20:07:30,306 ] - Epoch:   6, LR: 0.0000100,            Training Loss: 0.24741/0.27843/0.26654/0.23925/0.06721, Dev Stats: {'speech_scored': 367.97, 'speech_miss': 26.2, 'speech_falarm': 22.51, 'speaker_scored': 425.85, 'speaker_miss': 56.24, 'speaker_falarm': 56.33, 'speaker_error': 43.54, 'correct': 342.94, 'diarization_error': 156.11, 'frames': 409.49, 'DER': 36.66, 'change_recall': 0.0, 'change_precision': 0.0, 'num_pred_acc': 0.0}
[ INFO : 2022-03-24 20:07:59,336 ] - Epoch:   7, LR: 0.0000100,            Training Loss: 0.26277/0.27297/0.25572/0.23322/0.06598, Dev Stats: {'speech_scored': 367.97, 'speech_miss': 26.01, 'speech_falarm': 20.75, 'speaker_scored': 425.85, 'speaker_miss': 56.37, 'speaker_falarm': 52.95, 'speaker_error': 43.0, 'correct': 344.38, 'diarization_error': 152.32, 'frames': 409.49, 'DER': 35.77, 'change_recall': 0.0, 'change_precision': 0.0, 'num_pred_acc': 0.0}
[ INFO : 2022-03-24 20:08:24,504 ] - Epoch:   8, LR: 0.0000100,            Training Loss: 0.25244/0.26578/0.24967/0.22805/0.06093, Dev Stats: {'speech_scored': 367.97, 'speech_miss': 24.14, 'speech_falarm': 20.61, 'speaker_scored': 425.85, 'speaker_miss': 53.46, 'speaker_falarm': 53.32, 'speaker_error': 42.14, 'correct': 345.8, 'diarization_error': 148.92, 'frames': 409.49, 'DER': 34.97, 'change_recall': 0.0, 'change_precision': 0.0, 'num_pred_acc': 0.0}
[ INFO : 2022-03-24 20:08:56,068 ] - Epoch:   9, LR: 0.0000100,            Training Loss: 0.25279/0.26242/0.22401/0.22826/0.06180, Dev Stats: {'speech_scored': 367.97, 'speech_miss': 24.45, 'speech_falarm': 21.52, 'speaker_scored': 425.85, 'speaker_miss': 53.25, 'speaker_falarm': 55.52, 'speaker_error': 37.84, 'correct': 348.01, 'diarization_error': 146.6, 'frames': 409.49, 'DER': 34.43, 'change_recall': 0.0, 'change_precision': 0.0, 'num_pred_acc': 0.0}
[ INFO : 2022-03-24 20:09:26,099 ] - Epoch:  10, LR: 0.0000100,            Training Loss: 0.22747/0.26009/0.21436/0.22532/0.05746, Dev Stats: {'speech_scored': 367.97, 'speech_miss': 22.36, 'speech_falarm': 21.58, 'speaker_scored': 425.85, 'speaker_miss': 51.99, 'speaker_falarm': 53.97, 'speaker_error': 34.63, 'correct': 351.09, 'diarization_error': 140.58, 'frames': 409.49, 'DER': 33.01, 'change_recall': 0.0, 'change_precision': 0.0, 'num_pred_acc': 0.0}
[ INFO : 2022-03-24 20:09:57,042 ] - Epoch:  11, LR: 0.0000100,            Training Loss: 0.24357/0.25931/0.21647/0.22300/0.06071, Dev Stats: {'speech_scored': 367.97, 'speech_miss': 22.05, 'speech_falarm': 21.02, 'speaker_scored': 425.85, 'speaker_miss': 51.45, 'speaker_falarm': 52.7, 'speaker_error': 33.23, 'correct': 352.62, 'diarization_error': 137.39, 'frames': 409.49, 'DER': 32.26, 'change_recall': 0.0, 'change_precision': 0.0, 'num_pred_acc': 0.0}
[ INFO : 2022-03-24 20:10:22,373 ] - Epoch:  12, LR: 0.0000100,            Training Loss: 0.23098/0.25551/0.22196/0.22081/0.05771, Dev Stats: {'speech_scored': 367.97, 'speech_miss': 24.41, 'speech_falarm': 21.5, 'speaker_scored': 425.85, 'speaker_miss': 54.59, 'speaker_falarm': 53.25, 'speaker_error': 32.82, 'correct': 351.67, 'diarization_error': 140.65, 'frames': 409.49, 'DER': 33.03, 'change_recall': 0.0, 'change_precision': 0.0, 'num_pred_acc': 0.0}
[ INFO : 2022-03-24 20:10:53,293 ] - Epoch:  13, LR: 0.0000100,            Training Loss: 0.27688/0.25573/0.26542/0.22209/0.05880, Dev Stats: {'speech_scored': 367.97, 'speech_miss': 24.8, 'speech_falarm': 21.18, 'speaker_scored': 425.85, 'speaker_miss': 56.01, 'speaker_falarm': 50.99, 'speaker_error': 34.33, 'correct': 350.94, 'diarization_error': 141.33, 'frames': 409.49, 'DER': 33.19, 'change_recall': 0.0, 'change_precision': 0.0, 'num_pred_acc': 0.0}
[ INFO : 2022-03-24 20:11:24,285 ] - Epoch:  14, LR: 0.0000100,            Training Loss: 0.30417/0.25285/0.26851/0.21982/0.05742, Dev Stats: {'speech_scored': 367.97, 'speech_miss': 28.62, 'speech_falarm': 19.88, 'speaker_scored': 425.85, 'speaker_miss': 60.23, 'speaker_falarm': 47.93, 'speaker_error': 37.26, 'correct': 348.6, 'diarization_error': 145.42, 'frames': 409.49, 'DER': 34.15, 'change_recall': 0.0, 'change_precision': 0.0, 'num_pred_acc': 0.0}
[ INFO : 2022-03-24 20:11:55,462 ] - Epoch:  15, LR: 0.0000100,            Training Loss: 0.32272/0.25505/0.28017/0.22011/0.05801, Dev Stats: {'speech_scored': 367.97, 'speech_miss': 29.83, 'speech_falarm': 18.52, 'speaker_scored': 425.85, 'speaker_miss': 62.47, 'speaker_falarm': 43.3, 'speaker_error': 34.09, 'correct': 351.51, 'diarization_error': 139.85, 'frames': 409.49, 'DER': 32.84, 'change_recall': 0.0, 'change_precision': 0.0, 'num_pred_acc': 0.0}
[ INFO : 2022-03-24 20:12:24,330 ] - Epoch:  16, LR: 0.0000100,            Training Loss: 0.29935/0.25287/0.27499/0.21693/0.05692, Dev Stats: {'speech_scored': 367.97, 'speech_miss': 35.65, 'speech_falarm': 17.94, 'speaker_scored': 425.85, 'speaker_miss': 68.62, 'speaker_falarm': 42.48, 'speaker_error': 33.19, 'correct': 350.33, 'diarization_error': 144.3, 'frames': 409.49, 'DER': 33.88, 'change_recall': 0.0, 'change_precision': 0.0, 'num_pred_acc': 0.0}
[ INFO : 2022-03-24 20:12:53,904 ] - Epoch:  17, LR: 0.0000100,            Training Loss: 0.27446/0.25192/0.27784/0.21682/0.06082, Dev Stats: {'speech_scored': 367.97, 'speech_miss': 31.1, 'speech_falarm': 17.71, 'speaker_scored': 425.85, 'speaker_miss': 64.28, 'speaker_falarm': 41.53, 'speaker_error': 31.67, 'correct': 353.11, 'diarization_error': 137.48, 'frames': 409.49, 'DER': 32.28, 'change_recall': 0.0, 'change_precision': 0.0, 'num_pred_acc': 0.0}
[ INFO : 2022-03-24 20:13:24,466 ] - Epoch:  18, LR: 0.0000100,            Training Loss: 0.31106/0.25192/0.30087/0.21633/0.05983, Dev Stats: {'speech_scored': 367.97, 'speech_miss': 34.32, 'speech_falarm': 17.21, 'speaker_scored': 425.85, 'speaker_miss': 68.07, 'speaker_falarm': 40.45, 'speaker_error': 33.22, 'correct': 351.17, 'diarization_error': 141.74, 'frames': 409.49, 'DER': 33.28, 'change_recall': 0.0, 'change_precision': 0.0, 'num_pred_acc': 0.0}
[ INFO : 2022-03-24 20:13:53,833 ] - Epoch:  19, LR: 0.0000100,            Training Loss: 0.37630/0.25731/0.35175/0.22282/0.06391, Dev Stats: {'speech_scored': 367.97, 'speech_miss': 35.6, 'speech_falarm': 16.87, 'speaker_scored': 425.85, 'speaker_miss': 69.84, 'speaker_falarm': 40.26, 'speaker_error': 33.9, 'correct': 350.19, 'diarization_error': 144.0, 'frames': 409.49, 'DER': 33.81, 'change_recall': 0.0, 'change_precision': 0.0, 'num_pred_acc': 0.0}
[ INFO : 2022-03-24 20:14:23,645 ] - Epoch:  20, LR: 0.0000100,            Training Loss: 0.36915/0.26188/0.35028/0.22216/0.06280, Dev Stats: {'speech_scored': 367.97, 'speech_miss': 35.05, 'speech_falarm': 16.57, 'speaker_scored': 425.85, 'speaker_miss': 68.59, 'speaker_falarm': 40.22, 'speaker_error': 31.77, 'correct': 352.04, 'diarization_error': 140.58, 'frames': 409.49, 'DER': 33.01, 'change_recall': 0.0, 'change_precision': 0.0, 'num_pred_acc': 0.0}
[ INFO : 2022-03-24 20:14:56,691 ] - Epoch:  21, LR: 0.0000100,            Training Loss: 0.34767/0.25501/0.33110/0.21851/0.06056, Dev Stats: {'speech_scored': 367.97, 'speech_miss': 29.52, 'speech_falarm': 16.99, 'speaker_scored': 425.85, 'speaker_miss': 62.53, 'speaker_falarm': 40.43, 'speaker_error': 30.52, 'correct': 354.82, 'diarization_error': 133.49, 'frames': 409.49, 'DER': 31.35, 'change_recall': 0.0, 'change_precision': 0.0, 'num_pred_acc': 0.0}
[ INFO : 2022-03-24 20:15:24,882 ] - Epoch:  22, LR: 0.0000100,            Training Loss: 0.34096/0.25295/0.31200/0.21708/0.05739, Dev Stats: {'speech_scored': 367.97, 'speech_miss': 34.49, 'speech_falarm': 16.05, 'speaker_scored': 425.85, 'speaker_miss': 66.67, 'speaker_falarm': 40.73, 'speaker_error': 30.42, 'correct': 353.41, 'diarization_error': 137.82, 'frames': 409.49, 'DER': 32.36, 'change_recall': 0.0, 'change_precision': 0.0, 'num_pred_acc': 0.0}
[ INFO : 2022-03-24 20:15:55,918 ] - Epoch:  23, LR: 0.0000100,            Training Loss: 0.32324/0.24539/0.29497/0.21232/0.05517, Dev Stats: {'speech_scored': 367.97, 'speech_miss': 34.7, 'speech_falarm': 16.0, 'speaker_scored': 425.85, 'speaker_miss': 67.02, 'speaker_falarm': 39.68, 'speaker_error': 32.91, 'correct': 351.98, 'diarization_error': 139.62, 'frames': 409.49, 'DER': 32.79, 'change_recall': 0.0, 'change_precision': 0.0, 'num_pred_acc': 0.0}
[ INFO : 2022-03-24 20:16:30,399 ] - Epoch:  24, LR: 0.0000100,            Training Loss: 0.30357/0.24950/0.28980/0.21443/0.05636, Dev Stats: {'speech_scored': 367.97, 'speech_miss': 34.73, 'speech_falarm': 16.05, 'speaker_scored': 425.85, 'speaker_miss': 66.72, 'speaker_falarm': 40.08, 'speaker_error': 27.54, 'correct': 355.53, 'diarization_error': 134.33, 'frames': 409.49, 'DER': 31.54, 'change_recall': 0.0, 'change_precision': 0.0, 'num_pred_acc': 0.0}
[ INFO : 2022-03-24 20:16:59,516 ] - Epoch:  25, LR: 0.0000100,            Training Loss: 0.30536/0.24548/0.28928/0.21188/0.05456, Dev Stats: {'speech_scored': 367.97, 'speech_miss': 33.68, 'speech_falarm': 15.96, 'speaker_scored': 425.85, 'speaker_miss': 65.78, 'speaker_falarm': 39.83, 'speaker_error': 30.28, 'correct': 354.1, 'diarization_error': 135.89, 'frames': 409.49, 'DER': 31.91, 'change_recall': 0.0, 'change_precision': 0.0, 'num_pred_acc': 0.0}
[ INFO : 2022-03-24 20:17:29,513 ] - Epoch:  26, LR: 0.0000100,            Training Loss: 0.28080/0.24643/0.27913/0.21164/0.05460, Dev Stats: {'speech_scored': 367.97, 'speech_miss': 28.45, 'speech_falarm': 16.57, 'speaker_scored': 425.85, 'speaker_miss': 60.23, 'speaker_falarm': 40.5, 'speaker_error': 28.59, 'correct': 356.85, 'diarization_error': 129.33, 'frames': 409.49, 'DER': 30.37, 'change_recall': 0.0, 'change_precision': 0.0, 'num_pred_acc': 0.0}
[ INFO : 2022-03-24 20:17:59,934 ] - Epoch:  27, LR: 0.0000100,            Training Loss: 0.28494/0.24281/0.27278/0.21006/0.05302, Dev Stats: {'speech_scored': 367.97, 'speech_miss': 31.95, 'speech_falarm': 15.95, 'speaker_scored': 425.85, 'speaker_miss': 63.19, 'speaker_falarm': 40.63, 'speaker_error': 30.46, 'correct': 354.58, 'diarization_error': 134.28, 'frames': 409.49, 'DER': 31.53, 'change_recall': 0.0, 'change_precision': 0.0, 'num_pred_acc': 0.0}
[ INFO : 2022-03-24 20:18:27,220 ] - Epoch:  28, LR: 0.0000100,            Training Loss: 0.28976/0.24146/0.25930/0.20865/0.05261, Dev Stats: {'speech_scored': 367.97, 'speech_miss': 33.46, 'speech_falarm': 16.04, 'speaker_scored': 425.85, 'speaker_miss': 64.2, 'speaker_falarm': 41.03, 'speaker_error': 29.0, 'correct': 355.07, 'diarization_error': 134.24, 'frames': 409.49, 'DER': 31.52, 'change_recall': 0.0, 'change_precision': 0.0, 'num_pred_acc': 0.0}
[ INFO : 2022-03-24 20:18:53,441 ] - Epoch:  29, LR: 0.0000100,            Training Loss: 0.26710/0.23952/0.24375/0.20720/0.05478, Dev Stats: {'speech_scored': 367.97, 'speech_miss': 27.25, 'speech_falarm': 16.5, 'speaker_scored': 425.85, 'speaker_miss': 57.75, 'speaker_falarm': 42.0, 'speaker_error': 29.01, 'correct': 356.9, 'diarization_error': 128.76, 'frames': 409.49, 'DER': 30.24, 'change_recall': 0.0, 'change_precision': 0.0, 'num_pred_acc': 0.0}
[ INFO : 2022-03-24 20:19:21,389 ] - Epoch:  30, LR: 0.0000100,            Training Loss: 0.26805/0.23962/0.23692/0.20570/0.05302, Dev Stats: {'speech_scored': 367.97, 'speech_miss': 27.62, 'speech_falarm': 16.71, 'speaker_scored': 425.85, 'speaker_miss': 57.83, 'speaker_falarm': 42.76, 'speaker_error': 29.51, 'correct': 356.29, 'diarization_error': 130.1, 'frames': 409.49, 'DER': 30.55, 'change_recall': 0.0, 'change_precision': 0.0, 'num_pred_acc': 0.0}
[ INFO : 2022-03-24 20:19:52,235 ] - Epoch:  31, LR: 0.0000100,            Training Loss: 0.25981/0.23742/0.23239/0.20635/0.05066, Dev Stats: {'speech_scored': 367.97, 'speech_miss': 30.41, 'speech_falarm': 16.06, 'speaker_scored': 425.85, 'speaker_miss': 60.48, 'speaker_falarm': 41.99, 'speaker_error': 28.71, 'correct': 356.19, 'diarization_error': 131.19, 'frames': 409.49, 'DER': 30.81, 'change_recall': 0.0, 'change_precision': 0.0, 'num_pred_acc': 0.0}
[ INFO : 2022-03-24 20:20:24,767 ] - Epoch:  32, LR: 0.0000100,            Training Loss: 0.24574/0.23636/0.21495/0.20450/0.05120, Dev Stats: {'speech_scored': 367.97, 'speech_miss': 28.62, 'speech_falarm': 16.46, 'speaker_scored': 425.85, 'speaker_miss': 57.84, 'speaker_falarm': 44.05, 'speaker_error': 31.03, 'correct': 354.84, 'diarization_error': 132.92, 'frames': 409.49, 'DER': 31.21, 'change_recall': 0.0, 'change_precision': 0.0, 'num_pred_acc': 0.0}
[ INFO : 2022-03-24 20:20:49,807 ] - Epoch:  33, LR: 0.0000100,            Training Loss: 0.23511/0.23608/0.19719/0.20358/0.05119, Dev Stats: {'speech_scored': 367.97, 'speech_miss': 28.19, 'speech_falarm': 16.32, 'speaker_scored': 425.85, 'speaker_miss': 57.49, 'speaker_falarm': 43.24, 'speaker_error': 31.03, 'correct': 355.23, 'diarization_error': 131.76, 'frames': 409.49, 'DER': 30.94, 'change_recall': 0.0, 'change_precision': 0.0, 'num_pred_acc': 0.0}
[ INFO : 2022-03-24 20:21:19,461 ] - Epoch:  34, LR: 0.0000100,            Training Loss: 0.22541/0.23562/0.20257/0.20342/0.05026, Dev Stats: {'speech_scored': 367.97, 'speech_miss': 24.99, 'speech_falarm': 16.91, 'speaker_scored': 425.85, 'speaker_miss': 54.81, 'speaker_falarm': 43.45, 'speaker_error': 29.2, 'correct': 357.27, 'diarization_error': 127.46, 'frames': 409.49, 'DER': 29.93, 'change_recall': 0.0, 'change_precision': 0.0, 'num_pred_acc': 0.0}
[ INFO : 2022-03-24 20:21:45,831 ] - Epoch:  35, LR: 0.0000100,            Training Loss: 0.24169/0.23338/0.20256/0.20269/0.05009, Dev Stats: {'speech_scored': 367.97, 'speech_miss': 25.32, 'speech_falarm': 16.86, 'speaker_scored': 425.85, 'speaker_miss': 54.51, 'speaker_falarm': 43.48, 'speaker_error': 27.3, 'correct': 358.63, 'diarization_error': 125.3, 'frames': 409.49, 'DER': 29.42, 'change_recall': 0.0, 'change_precision': 0.0, 'num_pred_acc': 0.0}
[ INFO : 2022-03-24 20:22:12,981 ] - Epoch:  36, LR: 0.0000100,            Training Loss: 0.23197/0.23308/0.19905/0.20170/0.04927, Dev Stats: {'speech_scored': 367.97, 'speech_miss': 24.37, 'speech_falarm': 16.9, 'speaker_scored': 425.85, 'speaker_miss': 54.22, 'speaker_falarm': 42.84, 'speaker_error': 29.19, 'correct': 357.67, 'diarization_error': 126.26, 'frames': 409.49, 'DER': 29.65, 'change_recall': 0.0, 'change_precision': 0.0, 'num_pred_acc': 0.0}
[ INFO : 2022-03-24 20:22:41,677 ] - Epoch:  37, LR: 0.0000100,            Training Loss: 0.24071/0.23216/0.20650/0.20096/0.04994, Dev Stats: {'speech_scored': 367.97, 'speech_miss': 31.42, 'speech_falarm': 15.59, 'speaker_scored': 425.85, 'speaker_miss': 61.74, 'speaker_falarm': 39.39, 'speaker_error': 29.88, 'correct': 355.86, 'diarization_error': 131.01, 'frames': 409.49, 'DER': 30.76, 'change_recall': 0.0, 'change_precision': 0.0, 'num_pred_acc': 0.0}
[ INFO : 2022-03-24 20:23:11,325 ] - Epoch:  38, LR: 0.0000100,            Training Loss: 0.23697/0.23306/0.20557/0.20017/0.04887, Dev Stats: {'speech_scored': 367.97, 'speech_miss': 29.02, 'speech_falarm': 16.19, 'speaker_scored': 425.85, 'speaker_miss': 59.43, 'speaker_falarm': 40.68, 'speaker_error': 29.28, 'correct': 356.6, 'diarization_error': 129.39, 'frames': 409.49, 'DER': 30.38, 'change_recall': 0.0, 'change_precision': 0.0, 'num_pred_acc': 0.0}
[ INFO : 2022-03-24 20:23:39,343 ] - Epoch:  39, LR: 0.0000100,            Training Loss: 0.23361/0.23097/0.20322/0.19970/0.04772, Dev Stats: {'speech_scored': 367.97, 'speech_miss': 28.05, 'speech_falarm': 16.34, 'speaker_scored': 425.85, 'speaker_miss': 58.12, 'speaker_falarm': 40.81, 'speaker_error': 28.39, 'correct': 357.58, 'diarization_error': 127.33, 'frames': 409.49, 'DER': 29.9, 'change_recall': 0.0, 'change_precision': 0.0, 'num_pred_acc': 0.0}
[ INFO : 2022-03-24 20:24:05,738 ] - Epoch:  40, LR: 0.0000100,            Training Loss: 0.22484/0.22851/0.19902/0.19841/0.04948, Dev Stats: {'speech_scored': 367.97, 'speech_miss': 29.2, 'speech_falarm': 16.23, 'speaker_scored': 425.85, 'speaker_miss': 59.08, 'speaker_falarm': 40.9, 'speaker_error': 28.06, 'correct': 357.45, 'diarization_error': 128.05, 'frames': 409.49, 'DER': 30.07, 'change_recall': 0.0, 'change_precision': 0.0, 'num_pred_acc': 0.0}
[ INFO : 2022-03-24 20:24:36,710 ] - Epoch:  41, LR: 0.0000100,            Training Loss: 0.23269/0.22976/0.20355/0.19910/0.04985, Dev Stats: {'speech_scored': 367.97, 'speech_miss': 24.67, 'speech_falarm': 16.58, 'speaker_scored': 425.85, 'speaker_miss': 54.64, 'speaker_falarm': 40.62, 'speaker_error': 28.1, 'correct': 359.0, 'diarization_error': 123.36, 'frames': 409.49, 'DER': 28.97, 'change_recall': 0.0, 'change_precision': 0.0, 'num_pred_acc': 0.0}
[ INFO : 2022-03-24 20:25:03,733 ] - Epoch:  42, LR: 0.0000100,            Training Loss: 0.24387/0.22835/0.19852/0.19852/0.04703, Dev Stats: {'speech_scored': 367.97, 'speech_miss': 28.36, 'speech_falarm': 15.82, 'speaker_scored': 425.85, 'speaker_miss': 58.53, 'speaker_falarm': 40.4, 'speaker_error': 29.86, 'correct': 356.6, 'diarization_error': 128.8, 'frames': 409.49, 'DER': 30.25, 'change_recall': 0.0, 'change_precision': 0.0, 'num_pred_acc': 0.0}
[ INFO : 2022-03-24 20:25:34,596 ] - Epoch:  43, LR: 0.0000100,            Training Loss: 0.31655/0.23609/0.27399/0.20435/0.05211, Dev Stats: {'speech_scored': 367.97, 'speech_miss': 35.15, 'speech_falarm': 17.11, 'speaker_scored': 425.85, 'speaker_miss': 68.73, 'speaker_falarm': 38.31, 'speaker_error': 29.78, 'correct': 353.96, 'diarization_error': 136.82, 'frames': 409.49, 'DER': 32.13, 'change_recall': 0.0, 'change_precision': 0.0, 'num_pred_acc': 0.0}
[ INFO : 2022-03-24 20:26:04,847 ] - Epoch:  44, LR: 0.0000100,            Training Loss: 0.47061/0.25446/0.39671/0.22058/0.06228, Dev Stats: {'speech_scored': 367.97, 'speech_miss': 44.68, 'speech_falarm': 16.41, 'speaker_scored': 425.85, 'speaker_miss': 79.53, 'speaker_falarm': 36.34, 'speaker_error': 31.53, 'correct': 349.85, 'diarization_error': 147.4, 'frames': 409.49, 'DER': 34.61, 'change_recall': 0.0, 'change_precision': 0.0, 'num_pred_acc': 0.0}
[ INFO : 2022-03-24 20:26:34,452 ] - Epoch:  45, LR: 0.0000100,            Training Loss: 0.47244/0.25403/0.37843/0.21591/0.06109, Dev Stats: {'speech_scored': 367.97, 'speech_miss': 36.12, 'speech_falarm': 15.96, 'speaker_scored': 425.85, 'speaker_miss': 69.16, 'speaker_falarm': 37.12, 'speaker_error': 30.84, 'correct': 353.5, 'diarization_error': 137.12, 'frames': 409.49, 'DER': 32.2, 'change_recall': 0.0, 'change_precision': 0.0, 'num_pred_acc': 0.0}
[ INFO : 2022-03-24 20:27:05,354 ] - Epoch:  46, LR: 0.0000100,            Training Loss: 0.42234/0.24612/0.34021/0.21168/0.05636, Dev Stats: {'speech_scored': 367.97, 'speech_miss': 31.25, 'speech_falarm': 16.31, 'speaker_scored': 425.85, 'speaker_miss': 63.71, 'speaker_falarm': 38.18, 'speaker_error': 31.84, 'correct': 354.3, 'diarization_error': 133.73, 'frames': 409.49, 'DER': 31.4, 'change_recall': 0.0, 'change_precision': 0.0, 'num_pred_acc': 0.0}
[ INFO : 2022-03-24 20:27:36,111 ] - Epoch:  47, LR: 0.0000100,            Training Loss: 0.38082/0.23901/0.31301/0.20737/0.05296, Dev Stats: {'speech_scored': 367.97, 'speech_miss': 35.19, 'speech_falarm': 14.92, 'speaker_scored': 425.85, 'speaker_miss': 67.47, 'speaker_falarm': 36.53, 'speaker_error': 30.69, 'correct': 354.36, 'diarization_error': 134.69, 'frames': 409.49, 'DER': 31.63, 'change_recall': 0.0, 'change_precision': 0.0, 'num_pred_acc': 0.0}
[ INFO : 2022-03-24 20:28:01,275 ] - Epoch:  48, LR: 0.0000100,            Training Loss: 0.35585/0.23859/0.29388/0.20540/0.05179, Dev Stats: {'speech_scored': 367.97, 'speech_miss': 35.45, 'speech_falarm': 15.14, 'speaker_scored': 425.85, 'speaker_miss': 67.24, 'speaker_falarm': 37.32, 'speaker_error': 31.34, 'correct': 353.75, 'diarization_error': 135.89, 'frames': 409.49, 'DER': 31.91, 'change_recall': 0.0, 'change_precision': 0.0, 'num_pred_acc': 0.0}
[ INFO : 2022-03-24 20:28:29,154 ] - Epoch:  49, LR: 0.0000100,            Training Loss: 0.32737/0.23245/0.27160/0.20091/0.05160, Dev Stats: {'speech_scored': 367.97, 'speech_miss': 34.36, 'speech_falarm': 15.1, 'speaker_scored': 425.85, 'speaker_miss': 66.22, 'speaker_falarm': 37.23, 'speaker_error': 28.61, 'correct': 355.94, 'diarization_error': 132.06, 'frames': 409.49, 'DER': 31.01, 'change_recall': 0.0, 'change_precision': 0.0, 'num_pred_acc': 0.0}
[ INFO : 2022-03-24 20:28:58,762 ] - Epoch:  50, LR: 0.0000100,            Training Loss: 0.31986/0.23406/0.26722/0.20380/0.05205, Dev Stats: {'speech_scored': 367.97, 'speech_miss': 26.93, 'speech_falarm': 15.42, 'speaker_scored': 425.85, 'speaker_miss': 57.82, 'speaker_falarm': 38.32, 'speaker_error': 30.6, 'correct': 357.04, 'diarization_error': 126.74, 'frames': 409.49, 'DER': 29.76, 'change_recall': 0.0, 'change_precision': 0.0, 'num_pred_acc': 0.0}
[ INFO : 2022-03-24 20:29:26,307 ] - Epoch:  51, LR: 0.0000100,            Training Loss: 0.28434/0.22991/0.26190/0.19938/0.04741, Dev Stats: {'speech_scored': 367.97, 'speech_miss': 32.66, 'speech_falarm': 14.63, 'speaker_scored': 425.85, 'speaker_miss': 63.18, 'speaker_falarm': 37.44, 'speaker_error': 29.13, 'correct': 356.53, 'diarization_error': 129.76, 'frames': 409.49, 'DER': 30.47, 'change_recall': 0.0, 'change_precision': 0.0, 'num_pred_acc': 0.0}
[ INFO : 2022-03-24 20:29:57,393 ] - Epoch:  52, LR: 0.0000100,            Training Loss: 0.28590/0.23138/0.23885/0.20017/0.05056, Dev Stats: {'speech_scored': 367.97, 'speech_miss': 30.88, 'speech_falarm': 15.3, 'speaker_scored': 425.85, 'speaker_miss': 60.97, 'speaker_falarm': 39.57, 'speaker_error': 28.6, 'correct': 356.91, 'diarization_error': 129.14, 'frames': 409.49, 'DER': 30.33, 'change_recall': 0.0, 'change_precision': 0.0, 'num_pred_acc': 0.0}
[ INFO : 2022-03-24 20:30:26,817 ] - Epoch:  53, LR: 0.0000100,            Training Loss: 0.27738/0.23055/0.22665/0.19985/0.04908, Dev Stats: {'speech_scored': 367.97, 'speech_miss': 29.81, 'speech_falarm': 15.48, 'speaker_scored': 425.85, 'speaker_miss': 59.61, 'speaker_falarm': 39.99, 'speaker_error': 29.37, 'correct': 356.71, 'diarization_error': 128.98, 'frames': 409.49, 'DER': 30.29, 'change_recall': 0.0, 'change_precision': 0.0, 'num_pred_acc': 0.0}
[ INFO : 2022-03-24 20:30:59,254 ] - Epoch:  54, LR: 0.0000100,            Training Loss: 0.25932/0.22825/0.21482/0.19826/0.04732, Dev Stats: {'speech_scored': 367.97, 'speech_miss': 23.87, 'speech_falarm': 16.03, 'speaker_scored': 425.85, 'speaker_miss': 53.04, 'speaker_falarm': 41.1, 'speaker_error': 28.51, 'correct': 359.1, 'diarization_error': 122.65, 'frames': 409.49, 'DER': 28.8, 'change_recall': 0.0, 'change_precision': 0.0, 'num_pred_acc': 0.0}
[ INFO : 2022-03-24 20:31:29,018 ] - Epoch:  55, LR: 0.0000100,            Training Loss: 0.23140/0.22573/0.21250/0.19605/0.04864, Dev Stats: {'speech_scored': 367.97, 'speech_miss': 26.2, 'speech_falarm': 15.69, 'speaker_scored': 425.85, 'speaker_miss': 56.03, 'speaker_falarm': 39.24, 'speaker_error': 28.05, 'correct': 359.03, 'diarization_error': 123.32, 'frames': 409.49, 'DER': 28.96, 'change_recall': 0.0, 'change_precision': 0.0, 'num_pred_acc': 0.0}
[ INFO : 2022-03-24 20:31:55,134 ] - Epoch:  56, LR: 0.0000100,            Training Loss: 0.25332/0.22908/0.21270/0.19789/0.04730, Dev Stats: {'speech_scored': 367.97, 'speech_miss': 29.15, 'speech_falarm': 15.7, 'speaker_scored': 425.85, 'speaker_miss': 58.97, 'speaker_falarm': 39.34, 'speaker_error': 28.44, 'correct': 357.76, 'diarization_error': 126.74, 'frames': 409.49, 'DER': 29.76, 'change_recall': 0.0, 'change_precision': 0.0, 'num_pred_acc': 0.0}
[ INFO : 2022-03-24 20:32:28,089 ] - Epoch:  57, LR: 0.0000100,            Training Loss: 0.25381/0.22663/0.20978/0.19845/0.04738, Dev Stats: {'speech_scored': 367.97, 'speech_miss': 28.76, 'speech_falarm': 15.7, 'speaker_scored': 425.85, 'speaker_miss': 58.77, 'speaker_falarm': 39.01, 'speaker_error': 30.11, 'correct': 356.82, 'diarization_error': 127.89, 'frames': 409.49, 'DER': 30.03, 'change_recall': 0.0, 'change_precision': 0.0, 'num_pred_acc': 0.0}
[ INFO : 2022-03-24 20:33:00,632 ] - Epoch:  58, LR: 0.0000100,            Training Loss: 0.23337/0.22894/0.20708/0.19717/0.04883, Dev Stats: {'speech_scored': 367.97, 'speech_miss': 23.62, 'speech_falarm': 16.03, 'speaker_scored': 425.85, 'speaker_miss': 53.27, 'speaker_falarm': 40.09, 'speaker_error': 30.11, 'correct': 358.29, 'diarization_error': 123.48, 'frames': 409.49, 'DER': 29.0, 'change_recall': 0.0, 'change_precision': 0.0, 'num_pred_acc': 0.0}
[ INFO : 2022-03-24 20:33:36,366 ] - Epoch:  59, LR: 0.0000100,            Training Loss: 0.23789/0.22617/0.20417/0.19669/0.04732, Dev Stats: {'speech_scored': 367.97, 'speech_miss': 28.14, 'speech_falarm': 15.65, 'speaker_scored': 425.85, 'speaker_miss': 57.91, 'speaker_falarm': 39.83, 'speaker_error': 28.49, 'correct': 357.91, 'diarization_error': 126.24, 'frames': 409.49, 'DER': 29.64, 'change_recall': 0.0, 'change_precision': 0.0, 'num_pred_acc': 0.0}
[ INFO : 2022-03-24 20:34:07,354 ] - Epoch:  60, LR: 0.0000100,            Training Loss: 0.26650/0.22580/0.20983/0.19629/0.04554, Dev Stats: {'speech_scored': 367.97, 'speech_miss': 28.68, 'speech_falarm': 15.51, 'speaker_scored': 425.85, 'speaker_miss': 58.45, 'speaker_falarm': 39.38, 'speaker_error': 30.61, 'correct': 356.47, 'diarization_error': 128.44, 'frames': 409.49, 'DER': 30.16, 'change_recall': 0.0, 'change_precision': 0.0, 'num_pred_acc': 0.0}
[ INFO : 2022-03-24 20:34:37,584 ] - Epoch:  61, LR: 0.0000100,            Training Loss: 0.23446/0.22455/0.19767/0.19487/0.04822, Dev Stats: {'speech_scored': 367.97, 'speech_miss': 24.19, 'speech_falarm': 16.01, 'speaker_scored': 425.85, 'speaker_miss': 54.06, 'speaker_falarm': 38.93, 'speaker_error': 28.91, 'correct': 359.22, 'diarization_error': 121.9, 'frames': 409.49, 'DER': 28.62, 'change_recall': 0.0, 'change_precision': 0.0, 'num_pred_acc': 0.0}
[ INFO : 2022-03-24 20:35:07,312 ] - Epoch:  62, LR: 0.0000100,            Training Loss: 0.25089/0.22700/0.20871/0.19591/0.04734, Dev Stats: {'speech_scored': 367.97, 'speech_miss': 29.52, 'speech_falarm': 15.07, 'speaker_scored': 425.85, 'speaker_miss': 60.03, 'speaker_falarm': 36.68, 'speaker_error': 30.34, 'correct': 357.02, 'diarization_error': 127.06, 'frames': 409.49, 'DER': 29.84, 'change_recall': 0.0, 'change_precision': 0.0, 'num_pred_acc': 0.0}
[ INFO : 2022-03-24 20:35:37,633 ] - Epoch:  63, LR: 0.0000100,            Training Loss: 0.25321/0.22718/0.20888/0.19728/0.04849, Dev Stats: {'speech_scored': 367.97, 'speech_miss': 28.15, 'speech_falarm': 15.49, 'speaker_scored': 425.85, 'speaker_miss': 59.02, 'speaker_falarm': 37.3, 'speaker_error': 31.37, 'correct': 356.47, 'diarization_error': 127.69, 'frames': 409.49, 'DER': 29.98, 'change_recall': 0.0, 'change_precision': 0.0, 'num_pred_acc': 0.0}
[ INFO : 2022-03-24 20:36:03,860 ] - Epoch:  64, LR: 0.0000100,            Training Loss: 0.23798/0.22294/0.20784/0.19495/0.04757, Dev Stats: {'speech_scored': 367.97, 'speech_miss': 23.6, 'speech_falarm': 16.2, 'speaker_scored': 425.85, 'speaker_miss': 53.77, 'speaker_falarm': 38.6, 'speaker_error': 29.82, 'correct': 358.82, 'diarization_error': 122.18, 'frames': 409.49, 'DER': 28.69, 'change_recall': 0.0, 'change_precision': 0.0, 'num_pred_acc': 0.0}
[ INFO : 2022-03-24 20:36:36,624 ] - Epoch:  65, LR: 0.0000100,            Training Loss: 0.25436/0.22373/0.20196/0.19485/0.04804, Dev Stats: {'speech_scored': 367.97, 'speech_miss': 29.41, 'speech_falarm': 15.48, 'speaker_scored': 425.85, 'speaker_miss': 60.08, 'speaker_falarm': 37.74, 'speaker_error': 31.47, 'correct': 355.9, 'diarization_error': 129.3, 'frames': 409.49, 'DER': 30.36, 'change_recall': 0.0, 'change_precision': 0.0, 'num_pred_acc': 0.0}
[ INFO : 2022-03-24 20:37:04,568 ] - Epoch:  66, LR: 0.0000100,            Training Loss: 0.24077/0.22220/0.19252/0.19416/0.04810, Dev Stats: {'speech_scored': 367.97, 'speech_miss': 28.68, 'speech_falarm': 15.45, 'speaker_scored': 425.85, 'speaker_miss': 58.78, 'speaker_falarm': 37.9, 'speaker_error': 31.84, 'correct': 356.03, 'diarization_error': 128.53, 'frames': 409.49, 'DER': 30.18, 'change_recall': 0.0, 'change_precision': 0.0, 'num_pred_acc': 0.0}
[ INFO : 2022-03-24 20:37:42,535 ] - Epoch:  67, LR: 0.0000100,            Training Loss: 0.22677/0.22462/0.19317/0.19448/0.04817, Dev Stats: {'speech_scored': 367.97, 'speech_miss': 26.94, 'speech_falarm': 15.35, 'speaker_scored': 425.85, 'speaker_miss': 56.98, 'speaker_falarm': 37.95, 'speaker_error': 29.8, 'correct': 357.98, 'diarization_error': 124.73, 'frames': 409.49, 'DER': 29.29, 'change_recall': 0.0, 'change_precision': 0.0, 'num_pred_acc': 0.0}
[ INFO : 2022-03-24 20:38:14,020 ] - Epoch:  68, LR: 0.0000100,            Training Loss: 0.23040/0.22235/0.19444/0.19205/0.04634, Dev Stats: {'speech_scored': 367.97, 'speech_miss': 27.9, 'speech_falarm': 14.86, 'speaker_scored': 425.85, 'speaker_miss': 57.78, 'speaker_falarm': 37.31, 'speaker_error': 29.28, 'correct': 358.27, 'diarization_error': 124.38, 'frames': 409.49, 'DER': 29.21, 'change_recall': 0.0, 'change_precision': 0.0, 'num_pred_acc': 0.0}
[ INFO : 2022-03-24 20:38:44,392 ] - Epoch:  69, LR: 0.0000100,            Training Loss: 0.23907/0.22345/0.19388/0.19316/0.04492, Dev Stats: {'speech_scored': 367.97, 'speech_miss': 23.0, 'speech_falarm': 15.61, 'speaker_scored': 425.85, 'speaker_miss': 54.23, 'speaker_falarm': 36.03, 'speaker_error': 29.54, 'correct': 359.71, 'diarization_error': 119.8, 'frames': 409.49, 'DER': 28.13, 'change_recall': 0.0, 'change_precision': 0.0, 'num_pred_acc': 0.0}
[ INFO : 2022-03-24 20:39:15,585 ] - Epoch:  70, LR: 0.0000100,            Training Loss: 0.23456/0.22215/0.20318/0.19239/0.04426, Dev Stats: {'speech_scored': 367.97, 'speech_miss': 28.89, 'speech_falarm': 14.69, 'speaker_scored': 425.85, 'speaker_miss': 61.05, 'speaker_falarm': 33.75, 'speaker_error': 27.58, 'correct': 359.5, 'diarization_error': 122.39, 'frames': 409.49, 'DER': 28.74, 'change_recall': 0.0, 'change_precision': 0.0, 'num_pred_acc': 0.0}
[ INFO : 2022-03-24 20:39:45,682 ] - Epoch:  71, LR: 0.0000100,            Training Loss: 0.25008/0.22233/0.21268/0.19215/0.04584, Dev Stats: {'speech_scored': 367.97, 'speech_miss': 24.32, 'speech_falarm': 15.14, 'speaker_scored': 425.85, 'speaker_miss': 56.99, 'speaker_falarm': 33.82, 'speaker_error': 29.07, 'correct': 359.84, 'diarization_error': 119.88, 'frames': 409.49, 'DER': 28.15, 'change_recall': 0.0, 'change_precision': 0.0, 'num_pred_acc': 0.0}
[ INFO : 2022-03-24 20:40:13,500 ] - Epoch:  72, LR: 0.0000100,            Training Loss: 0.26390/0.22115/0.21707/0.19281/0.04485, Dev Stats: {'speech_scored': 367.97, 'speech_miss': 23.37, 'speech_falarm': 15.46, 'speaker_scored': 425.85, 'speaker_miss': 55.56, 'speaker_falarm': 34.59, 'speaker_error': 28.34, 'correct': 360.54, 'diarization_error': 118.49, 'frames': 409.49, 'DER': 27.82, 'change_recall': 0.0, 'change_precision': 0.0, 'num_pred_acc': 0.0}
[ INFO : 2022-03-24 20:40:42,618 ] - Epoch:  73, LR: 0.0000100,            Training Loss: 0.24021/0.22119/0.21431/0.19294/0.04425, Dev Stats: {'speech_scored': 367.97, 'speech_miss': 25.27, 'speech_falarm': 14.84, 'speaker_scored': 425.85, 'speaker_miss': 56.96, 'speaker_falarm': 34.03, 'speaker_error': 28.81, 'correct': 359.95, 'diarization_error': 119.81, 'frames': 409.49, 'DER': 28.13, 'change_recall': 0.0, 'change_precision': 0.0, 'num_pred_acc': 0.0}
[ INFO : 2022-03-24 20:41:13,093 ] - Epoch:  74, LR: 0.0000100,            Training Loss: 0.25168/0.22104/0.21815/0.19190/0.04490, Dev Stats: {'speech_scored': 367.97, 'speech_miss': 24.42, 'speech_falarm': 14.64, 'speaker_scored': 425.85, 'speaker_miss': 56.03, 'speaker_falarm': 34.29, 'speaker_error': 29.48, 'correct': 359.73, 'diarization_error': 119.8, 'frames': 409.49, 'DER': 28.13, 'change_recall': 0.0, 'change_precision': 0.0, 'num_pred_acc': 0.0}
[ INFO : 2022-03-24 20:41:41,580 ] - Epoch:  75, LR: 0.0000100,            Training Loss: 0.24687/0.22085/0.20994/0.19151/0.04423, Dev Stats: {'speech_scored': 367.97, 'speech_miss': 25.03, 'speech_falarm': 14.94, 'speaker_scored': 425.85, 'speaker_miss': 56.25, 'speaker_falarm': 34.67, 'speaker_error': 29.8, 'correct': 359.32, 'diarization_error': 120.72, 'frames': 409.49, 'DER': 28.35, 'change_recall': 0.0, 'change_precision': 0.0, 'num_pred_acc': 0.0}
[ INFO : 2022-03-24 20:42:17,880 ] - Epoch:  76, LR: 0.0000100,            Training Loss: 0.25793/0.21925/0.20844/0.19192/0.04609, Dev Stats: {'speech_scored': 367.97, 'speech_miss': 25.44, 'speech_falarm': 14.77, 'speaker_scored': 425.85, 'speaker_miss': 57.02, 'speaker_falarm': 34.38, 'speaker_error': 28.33, 'correct': 360.14, 'diarization_error': 119.73, 'frames': 409.49, 'DER': 28.12, 'change_recall': 0.0, 'change_precision': 0.0, 'num_pred_acc': 0.0}
[ INFO : 2022-03-24 20:42:47,373 ] - Epoch:  77, LR: 0.0000100,            Training Loss: 0.25266/0.21875/0.21615/0.19087/0.04601, Dev Stats: {'speech_scored': 367.97, 'speech_miss': 24.07, 'speech_falarm': 14.87, 'speaker_scored': 425.85, 'speaker_miss': 55.86, 'speaker_falarm': 33.45, 'speaker_error': 29.21, 'correct': 360.24, 'diarization_error': 118.53, 'frames': 409.49, 'DER': 27.83, 'change_recall': 0.0, 'change_precision': 0.0, 'num_pred_acc': 0.0}
[ INFO : 2022-03-24 20:43:14,643 ] - Epoch:  78, LR: 0.0000100,            Training Loss: 0.24333/0.21965/0.20892/0.19165/0.04417, Dev Stats: {'speech_scored': 367.97, 'speech_miss': 23.69, 'speech_falarm': 14.87, 'speaker_scored': 425.85, 'speaker_miss': 55.47, 'speaker_falarm': 33.99, 'speaker_error': 28.46, 'correct': 360.7, 'diarization_error': 117.91, 'frames': 409.49, 'DER': 27.69, 'change_recall': 0.0, 'change_precision': 0.0, 'num_pred_acc': 0.0}
[ INFO : 2022-03-24 20:43:40,216 ] - Epoch:  79, LR: 0.0000100,            Training Loss: 0.26550/0.22190/0.21669/0.19177/0.04373, Dev Stats: {'speech_scored': 367.97, 'speech_miss': 23.95, 'speech_falarm': 14.68, 'speaker_scored': 425.85, 'speaker_miss': 55.77, 'speaker_falarm': 33.74, 'speaker_error': 27.76, 'correct': 361.14, 'diarization_error': 117.27, 'frames': 409.49, 'DER': 27.54, 'change_recall': 0.0, 'change_precision': 0.0, 'num_pred_acc': 0.0}
[ INFO : 2022-03-24 20:44:10,961 ] - Epoch:  80, LR: 0.0000100,            Training Loss: 0.24126/0.22006/0.19627/0.18995/0.04491, Dev Stats: {'speech_scored': 367.97, 'speech_miss': 21.83, 'speech_falarm': 15.4, 'speaker_scored': 425.85, 'speaker_miss': 52.63, 'speaker_falarm': 35.98, 'speaker_error': 30.69, 'correct': 359.49, 'diarization_error': 119.3, 'frames': 409.49, 'DER': 28.01, 'change_recall': 0.0, 'change_precision': 0.0, 'num_pred_acc': 0.0}
[ INFO : 2022-03-24 20:44:40,624 ] - Epoch:  81, LR: 0.0000100,            Training Loss: 0.20963/0.21796/0.17431/0.18807/0.04349, Dev Stats: {'speech_scored': 367.97, 'speech_miss': 21.5, 'speech_falarm': 15.76, 'speaker_scored': 425.85, 'speaker_miss': 51.78, 'speaker_falarm': 36.55, 'speaker_error': 27.01, 'correct': 362.04, 'diarization_error': 115.35, 'frames': 409.49, 'DER': 27.09, 'change_recall': 0.0, 'change_precision': 0.0, 'num_pred_acc': 0.0}
[ INFO : 2022-03-24 20:45:11,875 ] - Epoch:  82, LR: 0.0000100,            Training Loss: 0.20161/0.21608/0.17328/0.18798/0.04386, Dev Stats: {'speech_scored': 367.97, 'speech_miss': 25.63, 'speech_falarm': 15.16, 'speaker_scored': 425.85, 'speaker_miss': 56.52, 'speaker_falarm': 35.7, 'speaker_error': 26.14, 'correct': 361.33, 'diarization_error': 118.36, 'frames': 409.49, 'DER': 27.79, 'change_recall': 0.0, 'change_precision': 0.0, 'num_pred_acc': 0.0}
[ INFO : 2022-03-24 20:45:39,429 ] - Epoch:  83, LR: 0.0000100,            Training Loss: 0.21459/0.21875/0.18054/0.19045/0.04504, Dev Stats: {'speech_scored': 367.97, 'speech_miss': 21.67, 'speech_falarm': 15.66, 'speaker_scored': 425.85, 'speaker_miss': 51.95, 'speaker_falarm': 36.61, 'speaker_error': 28.69, 'correct': 360.84, 'diarization_error': 117.25, 'frames': 409.49, 'DER': 27.53, 'change_recall': 0.0, 'change_precision': 0.0, 'num_pred_acc': 0.0}
[ INFO : 2022-03-24 20:46:07,424 ] - Epoch:  84, LR: 0.0000100,            Training Loss: 0.21854/0.21661/0.18053/0.18865/0.04259, Dev Stats: {'speech_scored': 367.97, 'speech_miss': 21.8, 'speech_falarm': 15.69, 'speaker_scored': 425.85, 'speaker_miss': 52.31, 'speaker_falarm': 36.08, 'speaker_error': 29.75, 'correct': 360.19, 'diarization_error': 118.14, 'frames': 409.49, 'DER': 27.74, 'change_recall': 0.0, 'change_precision': 0.0, 'num_pred_acc': 0.0}
[ INFO : 2022-03-24 20:46:37,647 ] - Epoch:  85, LR: 0.0000100,            Training Loss: 0.21978/0.21784/0.18390/0.18823/0.04235, Dev Stats: {'speech_scored': 367.97, 'speech_miss': 21.84, 'speech_falarm': 15.43, 'speaker_scored': 425.85, 'speaker_miss': 52.79, 'speaker_falarm': 35.38, 'speaker_error': 29.97, 'correct': 360.12, 'diarization_error': 118.14, 'frames': 409.49, 'DER': 27.74, 'change_recall': 0.0, 'change_precision': 0.0, 'num_pred_acc': 0.0}
[ INFO : 2022-03-24 20:47:11,159 ] - Epoch:  86, LR: 0.0000100,            Training Loss: 0.20668/0.21645/0.18544/0.18934/0.04433, Dev Stats: {'speech_scored': 367.97, 'speech_miss': 22.32, 'speech_falarm': 15.25, 'speaker_scored': 425.85, 'speaker_miss': 53.61, 'speaker_falarm': 34.24, 'speaker_error': 27.17, 'correct': 362.09, 'diarization_error': 115.02, 'frames': 409.49, 'DER': 27.01, 'change_recall': 0.0, 'change_precision': 0.0, 'num_pred_acc': 0.0}
[ INFO : 2022-03-24 20:47:41,822 ] - Epoch:  87, LR: 0.0000100,            Training Loss: 0.21592/0.21762/0.18429/0.18887/0.04281, Dev Stats: {'speech_scored': 367.97, 'speech_miss': 22.66, 'speech_falarm': 15.38, 'speaker_scored': 425.85, 'speaker_miss': 54.17, 'speaker_falarm': 33.94, 'speaker_error': 27.75, 'correct': 361.62, 'diarization_error': 115.86, 'frames': 409.49, 'DER': 27.21, 'change_recall': 0.0, 'change_precision': 0.0, 'num_pred_acc': 0.0}
[ INFO : 2022-03-24 20:48:12,454 ] - Epoch:  88, LR: 0.0000100,            Training Loss: 0.21583/0.21564/0.18404/0.18767/0.04198, Dev Stats: {'speech_scored': 367.97, 'speech_miss': 21.46, 'speech_falarm': 15.71, 'speaker_scored': 425.85, 'speaker_miss': 51.62, 'speaker_falarm': 35.82, 'speaker_error': 27.22, 'correct': 362.19, 'diarization_error': 114.66, 'frames': 409.49, 'DER': 26.93, 'change_recall': 0.0, 'change_precision': 0.0, 'num_pred_acc': 0.0}
[ INFO : 2022-03-24 20:48:45,388 ] - Epoch:  89, LR: 0.0000100,            Training Loss: 0.19461/0.21616/0.17657/0.18683/0.04370, Dev Stats: {'speech_scored': 367.97, 'speech_miss': 22.14, 'speech_falarm': 15.66, 'speaker_scored': 425.85, 'speaker_miss': 52.21, 'speaker_falarm': 36.78, 'speaker_error': 26.51, 'correct': 362.16, 'diarization_error': 115.49, 'frames': 409.49, 'DER': 27.12, 'change_recall': 0.0, 'change_precision': 0.0, 'num_pred_acc': 0.0}
[ INFO : 2022-03-24 20:49:18,520 ] - Epoch:  90, LR: 0.0000100,            Training Loss: 0.22259/0.21683/0.17563/0.18714/0.04073, Dev Stats: {'speech_scored': 367.97, 'speech_miss': 21.48, 'speech_falarm': 15.68, 'speaker_scored': 425.85, 'speaker_miss': 51.05, 'speaker_falarm': 37.13, 'speaker_error': 27.42, 'correct': 361.82, 'diarization_error': 115.6, 'frames': 409.49, 'DER': 27.14, 'change_recall': 0.0, 'change_precision': 0.0, 'num_pred_acc': 0.0}
[ INFO : 2022-03-24 20:49:48,086 ] - Epoch:  91, LR: 0.0000100,            Training Loss: 0.20931/0.21346/0.17448/0.18509/0.04095, Dev Stats: {'speech_scored': 367.97, 'speech_miss': 21.82, 'speech_falarm': 15.26, 'speaker_scored': 425.85, 'speaker_miss': 51.77, 'speaker_falarm': 36.15, 'speaker_error': 26.7, 'correct': 362.38, 'diarization_error': 114.62, 'frames': 409.49, 'DER': 26.92, 'change_recall': 0.0, 'change_precision': 0.0, 'num_pred_acc': 0.0}
[ INFO : 2022-03-24 20:50:20,269 ] - Epoch:  92, LR: 0.0000100,            Training Loss: 0.22214/0.21560/0.17909/0.18700/0.04432, Dev Stats: {'speech_scored': 367.97, 'speech_miss': 21.03, 'speech_falarm': 15.65, 'speaker_scored': 425.85, 'speaker_miss': 50.99, 'speaker_falarm': 36.59, 'speaker_error': 29.71, 'correct': 360.49, 'diarization_error': 117.29, 'frames': 409.49, 'DER': 27.54, 'change_recall': 0.0, 'change_precision': 0.0, 'num_pred_acc': 0.0}
[ INFO : 2022-03-24 20:50:48,530 ] - Epoch:  93, LR: 0.0000100,            Training Loss: 0.21806/0.21414/0.17394/0.18608/0.04030, Dev Stats: {'speech_scored': 367.97, 'speech_miss': 21.69, 'speech_falarm': 15.2, 'speaker_scored': 425.85, 'speaker_miss': 51.76, 'speaker_falarm': 35.49, 'speaker_error': 26.99, 'correct': 362.41, 'diarization_error': 114.24, 'frames': 409.49, 'DER': 26.83, 'change_recall': 0.0, 'change_precision': 0.0, 'num_pred_acc': 0.0}
[ INFO : 2022-03-24 20:51:15,144 ] - Epoch:  94, LR: 0.0000100,            Training Loss: 0.20817/0.21360/0.17179/0.18694/0.03967, Dev Stats: {'speech_scored': 367.97, 'speech_miss': 21.21, 'speech_falarm': 15.36, 'speaker_scored': 425.85, 'speaker_miss': 51.48, 'speaker_falarm': 35.78, 'speaker_error': 29.09, 'correct': 361.01, 'diarization_error': 116.34, 'frames': 409.49, 'DER': 27.32, 'change_recall': 0.0, 'change_precision': 0.0, 'num_pred_acc': 0.0}
[ INFO : 2022-03-24 20:51:47,687 ] - Epoch:  95, LR: 0.0000100,            Training Loss: 0.20640/0.21553/0.17741/0.18564/0.04065, Dev Stats: {'speech_scored': 367.97, 'speech_miss': 21.15, 'speech_falarm': 14.93, 'speaker_scored': 425.85, 'speaker_miss': 51.67, 'speaker_falarm': 34.85, 'speaker_error': 28.89, 'correct': 361.39, 'diarization_error': 115.41, 'frames': 409.49, 'DER': 27.1, 'change_recall': 0.0, 'change_precision': 0.0, 'num_pred_acc': 0.0}
[ INFO : 2022-03-24 20:52:18,670 ] - Epoch:  96, LR: 0.0000100,            Training Loss: 0.21709/0.21462/0.17796/0.18584/0.04184, Dev Stats: {'speech_scored': 367.97, 'speech_miss': 22.02, 'speech_falarm': 15.15, 'speaker_scored': 425.85, 'speaker_miss': 52.84, 'speaker_falarm': 34.57, 'speaker_error': 29.57, 'correct': 360.64, 'diarization_error': 116.98, 'frames': 409.49, 'DER': 27.47, 'change_recall': 0.0, 'change_precision': 0.0, 'num_pred_acc': 0.0}
[ INFO : 2022-03-24 20:52:51,000 ] - Epoch:  97, LR: 0.0000100,            Training Loss: 0.22564/0.21551/0.18177/0.18514/0.03922, Dev Stats: {'speech_scored': 367.97, 'speech_miss': 22.1, 'speech_falarm': 15.35, 'speaker_scored': 425.85, 'speaker_miss': 52.98, 'speaker_falarm': 34.35, 'speaker_error': 28.42, 'correct': 361.44, 'diarization_error': 115.74, 'frames': 409.49, 'DER': 27.18, 'change_recall': 0.0, 'change_precision': 0.0, 'num_pred_acc': 0.0}
[ INFO : 2022-03-24 20:53:21,466 ] - Epoch:  98, LR: 0.0000100,            Training Loss: 0.19482/0.21366/0.17674/0.18685/0.04291, Dev Stats: {'speech_scored': 367.97, 'speech_miss': 22.51, 'speech_falarm': 15.23, 'speaker_scored': 425.85, 'speaker_miss': 53.47, 'speaker_falarm': 34.12, 'speaker_error': 27.51, 'correct': 361.95, 'diarization_error': 115.1, 'frames': 409.49, 'DER': 27.03, 'change_recall': 0.0, 'change_precision': 0.0, 'num_pred_acc': 0.0}
[ INFO : 2022-03-24 20:53:53,965 ] - Epoch:  99, LR: 0.0000100,            Training Loss: 0.21582/0.21183/0.17560/0.18523/0.04222, Dev Stats: {'speech_scored': 367.97, 'speech_miss': 23.65, 'speech_falarm': 14.36, 'speaker_scored': 425.85, 'speaker_miss': 53.72, 'speaker_falarm': 34.76, 'speaker_error': 29.07, 'correct': 360.62, 'diarization_error': 117.55, 'frames': 409.49, 'DER': 27.6, 'change_recall': 0.0, 'change_precision': 0.0, 'num_pred_acc': 0.0}
[ INFO : 2022-03-24 20:54:25,501 ] - Epoch: 100, LR: 0.0000100,            Training Loss: 0.19558/0.21281/0.16694/0.18508/0.04168, Dev Stats: {'speech_scored': 367.97, 'speech_miss': 21.66, 'speech_falarm': 15.05, 'speaker_scored': 425.85, 'speaker_miss': 50.98, 'speaker_falarm': 36.65, 'speaker_error': 26.8, 'correct': 362.42, 'diarization_error': 114.42, 'frames': 409.49, 'DER': 26.87, 'change_recall': 0.0, 'change_precision': 0.0, 'num_pred_acc': 0.0}
[ INFO : 2022-03-24 20:54:25,812 ] - Finished!
